<?xml version="1.0" encoding="UTF-8"?>
<testsuite xmlns:xsi="http://www.w3.org/2001/XMLSchema-instance" xsi:noNamespaceSchemaLocation="https://maven.apache.org/surefire/maven-surefire-plugin/xsd/surefire-test-report-3.0.xsd" version="3.0" name="gov.gsa.sst.runner.OfferRunner_Smoke" time="63.882" tests="9" errors="2" skipped="7" failures="0">
  <properties>
    <property name="java.specification.version" value="21"/>
    <property name="sun.jnu.encoding" value="UTF-8"/>
    <property name="java.class.path" value="/Users/xiaowenhu/Documents/GitHub/CWA-eOffer/behaviorTest/target/test-classes:/Users/xiaowenhu/Documents/GitHub/CWA-eOffer/behaviorTest/target/classes:/Users/xiaowenhu/.m2/repository/org/jboss/aerogear/aerogear-otp-java/1.0.0/aerogear-otp-java-1.0.0.jar:/Users/xiaowenhu/.m2/repository/org/jacoco/jacoco-maven-plugin/0.8.1/jacoco-maven-plugin-0.8.1.jar:/Users/xiaowenhu/.m2/repository/org/apache/maven/maven-plugin-api/2.2.1/maven-plugin-api-2.2.1.jar:/Users/xiaowenhu/.m2/repository/org/apache/maven/maven-project/2.2.1/maven-project-2.2.1.jar:/Users/xiaowenhu/.m2/repository/org/apache/maven/maven-settings/2.2.1/maven-settings-2.2.1.jar:/Users/xiaowenhu/.m2/repository/org/apache/maven/maven-profile/2.2.1/maven-profile-2.2.1.jar:/Users/xiaowenhu/.m2/repository/org/apache/maven/maven-model/2.2.1/maven-model-2.2.1.jar:/Users/xiaowenhu/.m2/repository/org/apache/maven/maven-artifact-manager/2.2.1/maven-artifact-manager-2.2.1.jar:/Users/xiaowenhu/.m2/repository/org/apache/maven/maven-repository-metadata/2.2.1/maven-repository-metadata-2.2.1.jar:/Users/xiaowenhu/.m2/repository/org/apache/maven/wagon/wagon-provider-api/1.0-beta-6/wagon-provider-api-1.0-beta-6.jar:/Users/xiaowenhu/.m2/repository/backport-util-concurrent/backport-util-concurrent/3.1/backport-util-concurrent-3.1.jar:/Users/xiaowenhu/.m2/repository/org/apache/maven/maven-plugin-registry/2.2.1/maven-plugin-registry-2.2.1.jar:/Users/xiaowenhu/.m2/repository/org/codehaus/plexus/plexus-interpolation/1.11/plexus-interpolation-1.11.jar:/Users/xiaowenhu/.m2/repository/org/apache/maven/maven-artifact/2.2.1/maven-artifact-2.2.1.jar:/Users/xiaowenhu/.m2/repository/org/codehaus/plexus/plexus-container-default/1.0-alpha-9-stable-1/plexus-container-default-1.0-alpha-9-stable-1.jar:/Users/xiaowenhu/.m2/repository/classworlds/classworlds/1.1-alpha-2/classworlds-1.1-alpha-2.jar:/Users/xiaowenhu/.m2/repository/org/codehaus/plexus/plexus-utils/3.0.22/plexus-utils-3.0.22.jar:/Users/xiaowenhu/.m2/repository/org/apache/maven/shared/file-management/1.2.1/file-management-1.2.1.jar:/Users/xiaowenhu/.m2/repository/org/apache/maven/shared/maven-shared-io/1.1/maven-shared-io-1.1.jar:/Users/xiaowenhu/.m2/repository/org/apache/maven/reporting/maven-reporting-api/2.2.1/maven-reporting-api-2.2.1.jar:/Users/xiaowenhu/.m2/repository/org/apache/maven/doxia/doxia-sink-api/1.1/doxia-sink-api-1.1.jar:/Users/xiaowenhu/.m2/repository/org/apache/maven/doxia/doxia-logging-api/1.1/doxia-logging-api-1.1.jar:/Users/xiaowenhu/.m2/repository/org/apache/maven/reporting/maven-reporting-impl/2.1/maven-reporting-impl-2.1.jar:/Users/xiaowenhu/.m2/repository/org/apache/maven/doxia/doxia-core/1.1.2/doxia-core-1.1.2.jar:/Users/xiaowenhu/.m2/repository/commons-httpclient/commons-httpclient/3.1/commons-httpclient-3.1.jar:/Users/xiaowenhu/.m2/repository/org/apache/maven/doxia/doxia-site-renderer/1.1.2/doxia-site-renderer-1.1.2.jar:/Users/xiaowenhu/.m2/repository/org/apache/maven/doxia/doxia-decoration-model/1.1.2/doxia-decoration-model-1.1.2.jar:/Users/xiaowenhu/.m2/repository/org/apache/maven/doxia/doxia-module-xhtml/1.1.2/doxia-module-xhtml-1.1.2.jar:/Users/xiaowenhu/.m2/repository/org/apache/maven/doxia/doxia-module-fml/1.1.2/doxia-module-fml-1.1.2.jar:/Users/xiaowenhu/.m2/repository/org/codehaus/plexus/plexus-i18n/1.0-beta-7/plexus-i18n-1.0-beta-7.jar:/Users/xiaowenhu/.m2/repository/org/codehaus/plexus/plexus-velocity/1.1.7/plexus-velocity-1.1.7.jar:/Users/xiaowenhu/.m2/repository/org/apache/velocity/velocity/1.5/velocity-1.5.jar:/Users/xiaowenhu/.m2/repository/commons-collections/commons-collections/3.2/commons-collections-3.2.jar:/Users/xiaowenhu/.m2/repository/commons-validator/commons-validator/1.2.0/commons-validator-1.2.0.jar:/Users/xiaowenhu/.m2/repository/commons-beanutils/commons-beanutils/1.7.0/commons-beanutils-1.7.0.jar:/Users/xiaowenhu/.m2/repository/commons-digester/commons-digester/1.6/commons-digester-1.6.jar:/Users/xiaowenhu/.m2/repository/oro/oro/2.0.8/oro-2.0.8.jar:/Users/xiaowenhu/.m2/repository/org/jacoco/org.jacoco.agent/0.8.1/org.jacoco.agent-0.8.1-runtime.jar:/Users/xiaowenhu/.m2/repository/org/jacoco/org.jacoco.core/0.8.1/org.jacoco.core-0.8.1.jar:/Users/xiaowenhu/.m2/repository/org/ow2/asm/asm-commons/6.0/asm-commons-6.0.jar:/Users/xiaowenhu/.m2/repository/org/ow2/asm/asm-tree/6.0/asm-tree-6.0.jar:/Users/xiaowenhu/.m2/repository/org/ow2/asm/asm-analysis/6.0/asm-analysis-6.0.jar:/Users/xiaowenhu/.m2/repository/org/ow2/asm/asm-util/6.0/asm-util-6.0.jar:/Users/xiaowenhu/.m2/repository/org/jacoco/org.jacoco.report/0.8.1/org.jacoco.report-0.8.1.jar:/Users/xiaowenhu/.m2/repository/com/deque/axe-selenium/2.0/axe-selenium-2.0.jar:/Users/xiaowenhu/.m2/repository/org/apache/commons/commons-lang3/3.4/commons-lang3-3.4.jar:/Users/xiaowenhu/.m2/repository/info/cukes/cucumber-spring/1.2.4/cucumber-spring-1.2.4.jar:/Users/xiaowenhu/.m2/repository/info/cukes/cucumber-core/1.2.4/cucumber-core-1.2.4.jar:/Users/xiaowenhu/.m2/repository/info/cukes/cucumber-html/0.2.3/cucumber-html-0.2.3.jar:/Users/xiaowenhu/.m2/repository/info/cukes/cucumber-jvm-deps/1.0.5/cucumber-jvm-deps-1.0.5.jar:/Users/xiaowenhu/.m2/repository/info/cukes/gherkin/2.12.2/gherkin-2.12.2.jar:/Users/xiaowenhu/.m2/repository/info/cukes/cucumber-java/1.2.4/cucumber-java-1.2.4.jar:/Users/xiaowenhu/.m2/repository/info/cukes/cucumber-junit/1.2.4/cucumber-junit-1.2.4.jar:/Users/xiaowenhu/.m2/repository/junit/junit/4.12/junit-4.12.jar:/Users/xiaowenhu/.m2/repository/org/hamcrest/hamcrest-core/1.3/hamcrest-core-1.3.jar:/Users/xiaowenhu/.m2/repository/com/google/code/gson/gson/2.9.1/gson-2.9.1.jar:/Users/xiaowenhu/.m2/repository/commons-io/commons-io/2.5/commons-io-2.5.jar:/Users/xiaowenhu/.m2/repository/org/springframework/spring-core/4.3.2.RELEASE/spring-core-4.3.2.RELEASE.jar:/Users/xiaowenhu/.m2/repository/commons-logging/commons-logging/1.2/commons-logging-1.2.jar:/Users/xiaowenhu/.m2/repository/org/springframework/spring-test/4.3.2.RELEASE/spring-test-4.3.2.RELEASE.jar:/Users/xiaowenhu/.m2/repository/org/springframework/spring-beans/4.3.2.RELEASE/spring-beans-4.3.2.RELEASE.jar:/Users/xiaowenhu/.m2/repository/org/springframework/spring-context/4.3.2.RELEASE/spring-context-4.3.2.RELEASE.jar:/Users/xiaowenhu/.m2/repository/org/springframework/spring-aop/4.3.2.RELEASE/spring-aop-4.3.2.RELEASE.jar:/Users/xiaowenhu/.m2/repository/org/springframework/spring-expression/4.3.2.RELEASE/spring-expression-4.3.2.RELEASE.jar:/Users/xiaowenhu/.m2/repository/org/springframework/batch/spring-batch-core/3.0.7.RELEASE/spring-batch-core-3.0.7.RELEASE.jar:/Users/xiaowenhu/.m2/repository/com/ibm/jbatch/com.ibm.jbatch-tck-spi/1.0/com.ibm.jbatch-tck-spi-1.0.jar:/Users/xiaowenhu/.m2/repository/javax/batch/javax.batch-api/1.0/javax.batch-api-1.0.jar:/Users/xiaowenhu/.m2/repository/com/thoughtworks/xstream/xstream/1.4.7/xstream-1.4.7.jar:/Users/xiaowenhu/.m2/repository/xmlpull/xmlpull/1.1.3.1/xmlpull-1.1.3.1.jar:/Users/xiaowenhu/.m2/repository/xpp3/xpp3_min/1.1.4c/xpp3_min-1.1.4c.jar:/Users/xiaowenhu/.m2/repository/org/codehaus/jettison/jettison/1.2/jettison-1.2.jar:/Users/xiaowenhu/.m2/repository/org/springframework/batch/spring-batch-infrastructure/3.0.7.RELEASE/spring-batch-infrastructure-3.0.7.RELEASE.jar:/Users/xiaowenhu/.m2/repository/org/springframework/retry/spring-retry/1.1.0.RELEASE/spring-retry-1.1.0.RELEASE.jar:/Users/xiaowenhu/.m2/repository/org/springframework/spring-tx/4.0.5.RELEASE/spring-tx-4.0.5.RELEASE.jar:/Users/xiaowenhu/.m2/repository/org/seleniumhq/selenium/selenium-java/3.4.0/selenium-java-3.4.0.jar:/Users/xiaowenhu/.m2/repository/org/seleniumhq/selenium/selenium-chrome-driver/3.4.0/selenium-chrome-driver-3.4.0.jar:/Users/xiaowenhu/.m2/repository/org/seleniumhq/selenium/selenium-edge-driver/3.4.0/selenium-edge-driver-3.4.0.jar:/Users/xiaowenhu/.m2/repository/org/seleniumhq/selenium/selenium-firefox-driver/3.4.0/selenium-firefox-driver-3.4.0.jar:/Users/xiaowenhu/.m2/repository/org/seleniumhq/selenium/selenium-ie-driver/3.4.0/selenium-ie-driver-3.4.0.jar:/Users/xiaowenhu/.m2/repository/org/seleniumhq/selenium/selenium-opera-driver/3.4.0/selenium-opera-driver-3.4.0.jar:/Users/xiaowenhu/.m2/repository/org/seleniumhq/selenium/selenium-remote-driver/3.4.0/selenium-remote-driver-3.4.0.jar:/Users/xiaowenhu/.m2/repository/org/seleniumhq/selenium/selenium-safari-driver/3.4.0/selenium-safari-driver-3.4.0.jar:/Users/xiaowenhu/.m2/repository/cglib/cglib-nodep/3.2.4/cglib-nodep-3.2.4.jar:/Users/xiaowenhu/.m2/repository/org/apache/commons/commons-exec/1.3/commons-exec-1.3.jar:/Users/xiaowenhu/.m2/repository/commons-codec/commons-codec/1.10/commons-codec-1.10.jar:/Users/xiaowenhu/.m2/repository/org/w3c/css/sac/1.3/sac-1.3.jar:/Users/xiaowenhu/.m2/repository/net/sourceforge/cssparser/cssparser/0.9.22/cssparser-0.9.22.jar:/Users/xiaowenhu/.m2/repository/com/google/guava/guava/21.0/guava-21.0.jar:/Users/xiaowenhu/.m2/repository/net/sourceforge/htmlunit/htmlunit/2.26/htmlunit-2.26.jar:/Users/xiaowenhu/.m2/repository/net/sourceforge/htmlunit/htmlunit-core-js/2.26/htmlunit-core-js-2.26.jar:/Users/xiaowenhu/.m2/repository/net/sourceforge/htmlunit/neko-htmlunit/2.25/neko-htmlunit-2.25.jar:/Users/xiaowenhu/.m2/repository/org/apache/httpcomponents/httpclient/4.5.3/httpclient-4.5.3.jar:/Users/xiaowenhu/.m2/repository/org/apache/httpcomponents/httpcore/4.4.6/httpcore-4.4.6.jar:/Users/xiaowenhu/.m2/repository/org/apache/httpcomponents/httpmime/4.5.3/httpmime-4.5.3.jar:/Users/xiaowenhu/.m2/repository/org/eclipse/jetty/jetty-io/9.4.1.v20170120/jetty-io-9.4.1.v20170120.jar:/Users/xiaowenhu/.m2/repository/org/eclipse/jetty/jetty-util/9.4.1.v20170120/jetty-util-9.4.1.v20170120.jar:/Users/xiaowenhu/.m2/repository/net/java/dev/jna/jna/4.1.0/jna-4.1.0.jar:/Users/xiaowenhu/.m2/repository/net/java/dev/jna/jna-platform/4.1.0/jna-platform-4.1.0.jar:/Users/xiaowenhu/.m2/repository/javax/servlet/javax.servlet-api/3.1.0/javax.servlet-api-3.1.0.jar:/Users/xiaowenhu/.m2/repository/org/eclipse/jetty/websocket/websocket-api/9.4.3.v20170317/websocket-api-9.4.3.v20170317.jar:/Users/xiaowenhu/.m2/repository/org/eclipse/jetty/websocket/websocket-client/9.4.3.v20170317/websocket-client-9.4.3.v20170317.jar:/Users/xiaowenhu/.m2/repository/org/eclipse/jetty/jetty-client/9.4.3.v20170317/jetty-client-9.4.3.v20170317.jar:/Users/xiaowenhu/.m2/repository/org/eclipse/jetty/jetty-http/9.4.3.v20170317/jetty-http-9.4.3.v20170317.jar:/Users/xiaowenhu/.m2/repository/org/eclipse/jetty/websocket/websocket-common/9.4.3.v20170317/websocket-common-9.4.3.v20170317.jar:/Users/xiaowenhu/.m2/repository/xalan/serializer/2.7.2/serializer-2.7.2.jar:/Users/xiaowenhu/.m2/repository/xalan/xalan/2.7.2/xalan-2.7.2.jar:/Users/xiaowenhu/.m2/repository/xerces/xercesImpl/2.11.0/xercesImpl-2.11.0.jar:/Users/xiaowenhu/.m2/repository/xml-apis/xml-apis/1.4.01/xml-apis-1.4.01.jar:/Users/xiaowenhu/.m2/repository/org/seleniumhq/selenium/htmlunit-driver/2.24/htmlunit-driver-2.24.jar:/Users/xiaowenhu/.m2/repository/org/seleniumhq/selenium/selenium-api/3.4.0/selenium-api-3.4.0.jar:/Users/xiaowenhu/.m2/repository/org/seleniumhq/selenium/selenium-support/3.4.0/selenium-support-3.4.0.jar:/Users/xiaowenhu/.m2/repository/org/hamcrest/hamcrest-all/1.3/hamcrest-all-1.3.jar:/Users/xiaowenhu/.m2/repository/com/codeborne/phantomjsdriver/1.2.1/phantomjsdriver-1.2.1.jar:/Users/xiaowenhu/.m2/repository/javax/mail/javax.mail-api/1.5.6/javax.mail-api-1.5.6.jar:/Users/xiaowenhu/.m2/repository/com/sun/mail/javax.mail/1.5.6/javax.mail-1.5.6.jar:/Users/xiaowenhu/.m2/repository/javax/activation/activation/1.1/activation-1.1.jar:/Users/xiaowenhu/.m2/repository/org/slf4j/slf4j-api/1.7.24/slf4j-api-1.7.24.jar:/Users/xiaowenhu/.m2/repository/org/slf4j/slf4j-log4j12/1.7.24/slf4j-log4j12-1.7.24.jar:/Users/xiaowenhu/.m2/repository/log4j/log4j/1.2.17/log4j-1.2.17.jar:/Users/xiaowenhu/.m2/repository/org/apache/logging/log4j/log4j-core/2.17.0/log4j-core-2.17.0.jar:/Users/xiaowenhu/.m2/repository/org/apache/logging/log4j/log4j-api/2.17.0/log4j-api-2.17.0.jar:/Users/xiaowenhu/.m2/repository/org/apache/logging/log4j/log4j-1.2-api/2.17.0/log4j-1.2-api-2.17.0.jar:/Users/xiaowenhu/.m2/repository/org/mongodb/mongo-java-driver/3.0.0/mongo-java-driver-3.0.0.jar:/Users/xiaowenhu/.m2/repository/org/apache/tika/tika-parsers/1.13/tika-parsers-1.13.jar:/Users/xiaowenhu/.m2/repository/org/apache/tika/tika-core/1.13/tika-core-1.13.jar:/Users/xiaowenhu/.m2/repository/org/gagravarr/vorbis-java-tika/0.8/vorbis-java-tika-0.8.jar:/Users/xiaowenhu/.m2/repository/com/healthmarketscience/jackcess/jackcess/2.1.3/jackcess-2.1.3.jar:/Users/xiaowenhu/.m2/repository/commons-lang/commons-lang/2.6/commons-lang-2.6.jar:/Users/xiaowenhu/.m2/repository/com/healthmarketscience/jackcess/jackcess-encrypt/2.1.1/jackcess-encrypt-2.1.1.jar:/Users/xiaowenhu/.m2/repository/net/sourceforge/jmatio/jmatio/1.0/jmatio-1.0.jar:/Users/xiaowenhu/.m2/repository/org/apache/james/apache-mime4j-core/0.7.2/apache-mime4j-core-0.7.2.jar:/Users/xiaowenhu/.m2/repository/org/apache/james/apache-mime4j-dom/0.7.2/apache-mime4j-dom-0.7.2.jar:/Users/xiaowenhu/.m2/repository/org/apache/commons/commons-compress/1.11/commons-compress-1.11.jar:/Users/xiaowenhu/.m2/repository/org/tukaani/xz/1.5/xz-1.5.jar:/Users/xiaowenhu/.m2/repository/org/apache/pdfbox/pdfbox-tools/2.0.1/pdfbox-tools-2.0.1.jar:/Users/xiaowenhu/.m2/repository/org/apache/pdfbox/pdfbox-debugger/2.0.1/pdfbox-debugger-2.0.1.jar:/Users/xiaowenhu/.m2/repository/org/apache/pdfbox/jempbox/1.8.12/jempbox-1.8.12.jar:/Users/xiaowenhu/.m2/repository/org/bouncycastle/bcmail-jdk15on/1.54/bcmail-jdk15on-1.54.jar:/Users/xiaowenhu/.m2/repository/org/bouncycastle/bcpkix-jdk15on/1.54/bcpkix-jdk15on-1.54.jar:/Users/xiaowenhu/.m2/repository/org/bouncycastle/bcprov-jdk15on/1.54/bcprov-jdk15on-1.54.jar:/Users/xiaowenhu/.m2/repository/org/apache/poi/poi/3.15-beta1/poi-3.15-beta1.jar:/Users/xiaowenhu/.m2/repository/org/apache/poi/poi-scratchpad/3.15-beta1/poi-scratchpad-3.15-beta1.jar:/Users/xiaowenhu/.m2/repository/org/apache/poi/poi-ooxml/3.15-beta1/poi-ooxml-3.15-beta1.jar:/Users/xiaowenhu/.m2/repository/org/apache/poi/poi-ooxml-schemas/3.15-beta1/poi-ooxml-schemas-3.15-beta1.jar:/Users/xiaowenhu/.m2/repository/org/apache/xmlbeans/xmlbeans/2.6.0/xmlbeans-2.6.0.jar:/Users/xiaowenhu/.m2/repository/com/github/virtuald/curvesapi/1.03/curvesapi-1.03.jar:/Users/xiaowenhu/.m2/repository/org/ccil/cowan/tagsoup/tagsoup/1.2.1/tagsoup-1.2.1.jar:/Users/xiaowenhu/.m2/repository/org/ow2/asm/asm/5.0.4/asm-5.0.4.jar:/Users/xiaowenhu/.m2/repository/com/googlecode/mp4parser/isoparser/1.1.18/isoparser-1.1.18.jar:/Users/xiaowenhu/.m2/repository/com/drewnoakes/metadata-extractor/2.8.1/metadata-extractor-2.8.1.jar:/Users/xiaowenhu/.m2/repository/com/adobe/xmp/xmpcore/5.1.2/xmpcore-5.1.2.jar:/Users/xiaowenhu/.m2/repository/de/l3s/boilerpipe/boilerpipe/1.1.0/boilerpipe-1.1.0.jar:/Users/xiaowenhu/.m2/repository/com/rometools/rome/1.5.1/rome-1.5.1.jar:/Users/xiaowenhu/.m2/repository/com/rometools/rome-utils/1.5.1/rome-utils-1.5.1.jar:/Users/xiaowenhu/.m2/repository/org/gagravarr/vorbis-java-core/0.8/vorbis-java-core-0.8.jar:/Users/xiaowenhu/.m2/repository/com/googlecode/juniversalchardet/juniversalchardet/1.0.3/juniversalchardet-1.0.3.jar:/Users/xiaowenhu/.m2/repository/org/codelibs/jhighlight/1.0.2/jhighlight-1.0.2.jar:/Users/xiaowenhu/.m2/repository/com/pff/java-libpst/0.8.1/java-libpst-0.8.1.jar:/Users/xiaowenhu/.m2/repository/com/github/junrar/junrar/0.7/junrar-0.7.jar:/Users/xiaowenhu/.m2/repository/commons-logging/commons-logging-api/1.1/commons-logging-api-1.1.jar:/Users/xiaowenhu/.m2/repository/org/apache/commons/commons-vfs2/2.0/commons-vfs2-2.0.jar:/Users/xiaowenhu/.m2/repository/org/apache/maven/scm/maven-scm-api/1.4/maven-scm-api-1.4.jar:/Users/xiaowenhu/.m2/repository/org/apache/maven/scm/maven-scm-provider-svnexe/1.4/maven-scm-provider-svnexe-1.4.jar:/Users/xiaowenhu/.m2/repository/org/apache/maven/scm/maven-scm-provider-svn-commons/1.4/maven-scm-provider-svn-commons-1.4.jar:/Users/xiaowenhu/.m2/repository/regexp/regexp/1.3/regexp-1.3.jar:/Users/xiaowenhu/.m2/repository/org/apache/cxf/cxf-rt-rs-client/3.0.3/cxf-rt-rs-client-3.0.3.jar:/Users/xiaowenhu/.m2/repository/org/apache/cxf/cxf-rt-transports-http/3.0.3/cxf-rt-transports-http-3.0.3.jar:/Users/xiaowenhu/.m2/repository/org/apache/cxf/cxf-core/3.0.3/cxf-core-3.0.3.jar:/Users/xiaowenhu/.m2/repository/org/codehaus/woodstox/woodstox-core-asl/4.4.1/woodstox-core-asl-4.4.1.jar:/Users/xiaowenhu/.m2/repository/org/codehaus/woodstox/stax2-api/3.1.4/stax2-api-3.1.4.jar:/Users/xiaowenhu/.m2/repository/org/apache/ws/xmlschema/xmlschema-core/2.1.0/xmlschema-core-2.1.0.jar:/Users/xiaowenhu/.m2/repository/org/apache/cxf/cxf-rt-frontend-jaxrs/3.0.3/cxf-rt-frontend-jaxrs-3.0.3.jar:/Users/xiaowenhu/.m2/repository/javax/ws/rs/javax.ws.rs-api/2.0.1/javax.ws.rs-api-2.0.1.jar:/Users/xiaowenhu/.m2/repository/javax/annotation/javax.annotation-api/1.2/javax.annotation-api-1.2.jar:/Users/xiaowenhu/.m2/repository/org/apache/opennlp/opennlp-tools/1.5.3/opennlp-tools-1.5.3.jar:/Users/xiaowenhu/.m2/repository/org/apache/opennlp/opennlp-maxent/3.0.3/opennlp-maxent-3.0.3.jar:/Users/xiaowenhu/.m2/repository/net/sf/jwordnet/jwnl/1.3.3/jwnl-1.3.3.jar:/Users/xiaowenhu/.m2/repository/com/googlecode/json-simple/json-simple/1.1.1/json-simple-1.1.1.jar:/Users/xiaowenhu/.m2/repository/edu/ucar/netcdf4/4.5.5/netcdf4-4.5.5.jar:/Users/xiaowenhu/.m2/repository/net/jcip/jcip-annotations/1.0/jcip-annotations-1.0.jar:/Users/xiaowenhu/.m2/repository/edu/ucar/grib/4.5.5/grib-4.5.5.jar:/Users/xiaowenhu/.m2/repository/com/google/protobuf/protobuf-java/2.5.0/protobuf-java-2.5.0.jar:/Users/xiaowenhu/.m2/repository/org/jdom/jdom2/2.0.4/jdom2-2.0.4.jar:/Users/xiaowenhu/.m2/repository/edu/ucar/jj2000/5.2/jj2000-5.2.jar:/Users/xiaowenhu/.m2/repository/org/itadaki/bzip2/0.9.1/bzip2-0.9.1.jar:/Users/xiaowenhu/.m2/repository/edu/ucar/cdm/4.5.5/cdm-4.5.5.jar:/Users/xiaowenhu/.m2/repository/edu/ucar/udunits/4.5.5/udunits-4.5.5.jar:/Users/xiaowenhu/.m2/repository/joda-time/joda-time/2.2/joda-time-2.2.jar:/Users/xiaowenhu/.m2/repository/org/quartz-scheduler/quartz/2.2.0/quartz-2.2.0.jar:/Users/xiaowenhu/.m2/repository/c3p0/c3p0/0.9.1.1/c3p0-0.9.1.1.jar:/Users/xiaowenhu/.m2/repository/net/sf/ehcache/ehcache-core/2.6.2/ehcache-core-2.6.2.jar:/Users/xiaowenhu/.m2/repository/com/beust/jcommander/1.35/jcommander-1.35.jar:/Users/xiaowenhu/.m2/repository/edu/ucar/httpservices/4.5.5/httpservices-4.5.5.jar:/Users/xiaowenhu/.m2/repository/org/apache/commons/commons-csv/1.0/commons-csv-1.0.jar:/Users/xiaowenhu/.m2/repository/org/apache/sis/core/sis-utility/0.6/sis-utility-0.6.jar:/Users/xiaowenhu/.m2/repository/org/apache/sis/storage/sis-netcdf/0.6/sis-netcdf-0.6.jar:/Users/xiaowenhu/.m2/repository/org/apache/sis/storage/sis-storage/0.6/sis-storage-0.6.jar:/Users/xiaowenhu/.m2/repository/org/apache/sis/core/sis-referencing/0.6/sis-referencing-0.6.jar:/Users/xiaowenhu/.m2/repository/org/apache/sis/core/sis-metadata/0.6/sis-metadata-0.6.jar:/Users/xiaowenhu/.m2/repository/org/opengis/geoapi/3.0.0/geoapi-3.0.0.jar:/Users/xiaowenhu/.m2/repository/javax/measure/jsr-275/0.9.3/jsr-275-0.9.3.jar:/Users/xiaowenhu/.m2/repository/com/fasterxml/jackson/core/jackson-core/2.7.1/jackson-core-2.7.1.jar:/Users/xiaowenhu/.m2/repository/org/json/json/20160810/json-20160810.jar:/Users/xiaowenhu/.m2/repository/org/apache/pdfbox/pdfbox/2.0.4/pdfbox-2.0.4.jar:/Users/xiaowenhu/.m2/repository/org/apache/pdfbox/fontbox/2.0.4/fontbox-2.0.4.jar:/Users/xiaowenhu/.m2/repository/io/rest-assured/rest-assured/5.1.1/rest-assured-5.1.1.jar:/Users/xiaowenhu/.m2/repository/org/apache/groovy/groovy/4.0.1/groovy-4.0.1.jar:/Users/xiaowenhu/.m2/repository/org/apache/groovy/groovy-xml/4.0.1/groovy-xml-4.0.1.jar:/Users/xiaowenhu/.m2/repository/org/hamcrest/hamcrest/2.1/hamcrest-2.1.jar:/Users/xiaowenhu/.m2/repository/io/rest-assured/json-path/5.1.1/json-path-5.1.1.jar:/Users/xiaowenhu/.m2/repository/org/apache/groovy/groovy-json/4.0.1/groovy-json-4.0.1.jar:/Users/xiaowenhu/.m2/repository/io/rest-assured/rest-assured-common/5.1.1/rest-assured-common-5.1.1.jar:/Users/xiaowenhu/.m2/repository/io/rest-assured/xml-path/5.1.1/xml-path-5.1.1.jar:/Users/xiaowenhu/.m2/repository/io/github/bonigarcia/webdrivermanager/5.3.2/webdrivermanager-5.3.2.jar:/Users/xiaowenhu/.m2/repository/com/github/docker-java/docker-java/3.2.14/docker-java-3.2.14.jar:/Users/xiaowenhu/.m2/repository/com/github/docker-java/docker-java-core/3.2.14/docker-java-core-3.2.14.jar:/Users/xiaowenhu/.m2/repository/com/github/docker-java/docker-java-api/3.2.14/docker-java-api-3.2.14.jar:/Users/xiaowenhu/.m2/repository/com/fasterxml/jackson/core/jackson-annotations/2.10.3/jackson-annotations-2.10.3.jar:/Users/xiaowenhu/.m2/repository/com/fasterxml/jackson/core/jackson-databind/2.10.3/jackson-databind-2.10.3.jar:/Users/xiaowenhu/.m2/repository/org/slf4j/jcl-over-slf4j/1.7.30/jcl-over-slf4j-1.7.30.jar:/Users/xiaowenhu/.m2/repository/com/github/docker-java/docker-java-transport-httpclient5/3.2.14/docker-java-transport-httpclient5-3.2.14.jar:/Users/xiaowenhu/.m2/repository/com/github/docker-java/docker-java-transport/3.2.14/docker-java-transport-3.2.14.jar:/Users/xiaowenhu/.m2/repository/org/brotli/dec/0.1.2/dec-0.1.2.jar:/Users/xiaowenhu/.m2/repository/org/apache/httpcomponents/client5/httpclient5/5.2.1/httpclient5-5.2.1.jar:/Users/xiaowenhu/.m2/repository/org/apache/httpcomponents/core5/httpcore5/5.2/httpcore5-5.2.jar:/Users/xiaowenhu/.m2/repository/org/apache/httpcomponents/core5/httpcore5-h2/5.2/httpcore5-h2-5.2.jar:/Users/xiaowenhu/.m2/repository/com/vimalselvam/cucumber-extentsreport/3.0.2/cucumber-extentsreport-3.0.2.jar:/Users/xiaowenhu/.m2/repository/com/aventstack/extentreports/3.1.1/extentreports-3.1.1.jar:/Users/xiaowenhu/.m2/repository/org/freemarker/freemarker/2.3.23/freemarker-2.3.23.jar:/Users/xiaowenhu/.m2/repository/org/mongodb/mongodb-driver/3.3.0/mongodb-driver-3.3.0.jar:/Users/xiaowenhu/.m2/repository/org/mongodb/bson/3.3.0/bson-3.3.0.jar:/Users/xiaowenhu/.m2/repository/org/mongodb/mongodb-driver-core/3.3.0/mongodb-driver-core-3.3.0.jar:/Users/xiaowenhu/.m2/repository/org/jsoup/jsoup/1.9.2/jsoup-1.9.2.jar:"/>
    <property name="java.vm.vendor" value="Homebrew"/>
    <property name="sun.arch.data.model" value="64"/>
    <property name="java.vendor.url" value="https://github.com/Homebrew/homebrew-core/issues"/>
    <property name="os.name" value="Mac OS X"/>
    <property name="java.vm.specification.version" value="21"/>
    <property name="sun.java.launcher" value="SUN_STANDARD"/>
    <property name="user.country" value="US"/>
    <property name="sun.boot.library.path" value="/opt/homebrew/Cellar/openjdk/21.0.1/libexec/openjdk.jdk/Contents/Home/lib"/>
    <property name="sun.java.command" value="/Users/xiaowenhu/Documents/GitHub/CWA-eOffer/behaviorTest/target/surefire/surefirebooter4055946572745979843.jar /Users/xiaowenhu/Documents/GitHub/CWA-eOffer/behaviorTest/target/surefire 2023-11-12T23-31-07_315-jvmRun1 surefire353360850300860914tmp surefire_014797917650154469985tmp"/>
    <property name="http.nonProxyHosts" value="local|*.local|169.254/16|*.169.254/16"/>
    <property name="jdk.debug" value="release"/>
    <property name="surefire.test.class.path" value="/Users/xiaowenhu/Documents/GitHub/CWA-eOffer/behaviorTest/target/test-classes:/Users/xiaowenhu/Documents/GitHub/CWA-eOffer/behaviorTest/target/classes:/Users/xiaowenhu/.m2/repository/org/jboss/aerogear/aerogear-otp-java/1.0.0/aerogear-otp-java-1.0.0.jar:/Users/xiaowenhu/.m2/repository/org/jacoco/jacoco-maven-plugin/0.8.1/jacoco-maven-plugin-0.8.1.jar:/Users/xiaowenhu/.m2/repository/org/apache/maven/maven-plugin-api/2.2.1/maven-plugin-api-2.2.1.jar:/Users/xiaowenhu/.m2/repository/org/apache/maven/maven-project/2.2.1/maven-project-2.2.1.jar:/Users/xiaowenhu/.m2/repository/org/apache/maven/maven-settings/2.2.1/maven-settings-2.2.1.jar:/Users/xiaowenhu/.m2/repository/org/apache/maven/maven-profile/2.2.1/maven-profile-2.2.1.jar:/Users/xiaowenhu/.m2/repository/org/apache/maven/maven-model/2.2.1/maven-model-2.2.1.jar:/Users/xiaowenhu/.m2/repository/org/apache/maven/maven-artifact-manager/2.2.1/maven-artifact-manager-2.2.1.jar:/Users/xiaowenhu/.m2/repository/org/apache/maven/maven-repository-metadata/2.2.1/maven-repository-metadata-2.2.1.jar:/Users/xiaowenhu/.m2/repository/org/apache/maven/wagon/wagon-provider-api/1.0-beta-6/wagon-provider-api-1.0-beta-6.jar:/Users/xiaowenhu/.m2/repository/backport-util-concurrent/backport-util-concurrent/3.1/backport-util-concurrent-3.1.jar:/Users/xiaowenhu/.m2/repository/org/apache/maven/maven-plugin-registry/2.2.1/maven-plugin-registry-2.2.1.jar:/Users/xiaowenhu/.m2/repository/org/codehaus/plexus/plexus-interpolation/1.11/plexus-interpolation-1.11.jar:/Users/xiaowenhu/.m2/repository/org/apache/maven/maven-artifact/2.2.1/maven-artifact-2.2.1.jar:/Users/xiaowenhu/.m2/repository/org/codehaus/plexus/plexus-container-default/1.0-alpha-9-stable-1/plexus-container-default-1.0-alpha-9-stable-1.jar:/Users/xiaowenhu/.m2/repository/classworlds/classworlds/1.1-alpha-2/classworlds-1.1-alpha-2.jar:/Users/xiaowenhu/.m2/repository/org/codehaus/plexus/plexus-utils/3.0.22/plexus-utils-3.0.22.jar:/Users/xiaowenhu/.m2/repository/org/apache/maven/shared/file-management/1.2.1/file-management-1.2.1.jar:/Users/xiaowenhu/.m2/repository/org/apache/maven/shared/maven-shared-io/1.1/maven-shared-io-1.1.jar:/Users/xiaowenhu/.m2/repository/org/apache/maven/reporting/maven-reporting-api/2.2.1/maven-reporting-api-2.2.1.jar:/Users/xiaowenhu/.m2/repository/org/apache/maven/doxia/doxia-sink-api/1.1/doxia-sink-api-1.1.jar:/Users/xiaowenhu/.m2/repository/org/apache/maven/doxia/doxia-logging-api/1.1/doxia-logging-api-1.1.jar:/Users/xiaowenhu/.m2/repository/org/apache/maven/reporting/maven-reporting-impl/2.1/maven-reporting-impl-2.1.jar:/Users/xiaowenhu/.m2/repository/org/apache/maven/doxia/doxia-core/1.1.2/doxia-core-1.1.2.jar:/Users/xiaowenhu/.m2/repository/commons-httpclient/commons-httpclient/3.1/commons-httpclient-3.1.jar:/Users/xiaowenhu/.m2/repository/org/apache/maven/doxia/doxia-site-renderer/1.1.2/doxia-site-renderer-1.1.2.jar:/Users/xiaowenhu/.m2/repository/org/apache/maven/doxia/doxia-decoration-model/1.1.2/doxia-decoration-model-1.1.2.jar:/Users/xiaowenhu/.m2/repository/org/apache/maven/doxia/doxia-module-xhtml/1.1.2/doxia-module-xhtml-1.1.2.jar:/Users/xiaowenhu/.m2/repository/org/apache/maven/doxia/doxia-module-fml/1.1.2/doxia-module-fml-1.1.2.jar:/Users/xiaowenhu/.m2/repository/org/codehaus/plexus/plexus-i18n/1.0-beta-7/plexus-i18n-1.0-beta-7.jar:/Users/xiaowenhu/.m2/repository/org/codehaus/plexus/plexus-velocity/1.1.7/plexus-velocity-1.1.7.jar:/Users/xiaowenhu/.m2/repository/org/apache/velocity/velocity/1.5/velocity-1.5.jar:/Users/xiaowenhu/.m2/repository/commons-collections/commons-collections/3.2/commons-collections-3.2.jar:/Users/xiaowenhu/.m2/repository/commons-validator/commons-validator/1.2.0/commons-validator-1.2.0.jar:/Users/xiaowenhu/.m2/repository/commons-beanutils/commons-beanutils/1.7.0/commons-beanutils-1.7.0.jar:/Users/xiaowenhu/.m2/repository/commons-digester/commons-digester/1.6/commons-digester-1.6.jar:/Users/xiaowenhu/.m2/repository/oro/oro/2.0.8/oro-2.0.8.jar:/Users/xiaowenhu/.m2/repository/org/jacoco/org.jacoco.agent/0.8.1/org.jacoco.agent-0.8.1-runtime.jar:/Users/xiaowenhu/.m2/repository/org/jacoco/org.jacoco.core/0.8.1/org.jacoco.core-0.8.1.jar:/Users/xiaowenhu/.m2/repository/org/ow2/asm/asm-commons/6.0/asm-commons-6.0.jar:/Users/xiaowenhu/.m2/repository/org/ow2/asm/asm-tree/6.0/asm-tree-6.0.jar:/Users/xiaowenhu/.m2/repository/org/ow2/asm/asm-analysis/6.0/asm-analysis-6.0.jar:/Users/xiaowenhu/.m2/repository/org/ow2/asm/asm-util/6.0/asm-util-6.0.jar:/Users/xiaowenhu/.m2/repository/org/jacoco/org.jacoco.report/0.8.1/org.jacoco.report-0.8.1.jar:/Users/xiaowenhu/.m2/repository/com/deque/axe-selenium/2.0/axe-selenium-2.0.jar:/Users/xiaowenhu/.m2/repository/org/apache/commons/commons-lang3/3.4/commons-lang3-3.4.jar:/Users/xiaowenhu/.m2/repository/info/cukes/cucumber-spring/1.2.4/cucumber-spring-1.2.4.jar:/Users/xiaowenhu/.m2/repository/info/cukes/cucumber-core/1.2.4/cucumber-core-1.2.4.jar:/Users/xiaowenhu/.m2/repository/info/cukes/cucumber-html/0.2.3/cucumber-html-0.2.3.jar:/Users/xiaowenhu/.m2/repository/info/cukes/cucumber-jvm-deps/1.0.5/cucumber-jvm-deps-1.0.5.jar:/Users/xiaowenhu/.m2/repository/info/cukes/gherkin/2.12.2/gherkin-2.12.2.jar:/Users/xiaowenhu/.m2/repository/info/cukes/cucumber-java/1.2.4/cucumber-java-1.2.4.jar:/Users/xiaowenhu/.m2/repository/info/cukes/cucumber-junit/1.2.4/cucumber-junit-1.2.4.jar:/Users/xiaowenhu/.m2/repository/junit/junit/4.12/junit-4.12.jar:/Users/xiaowenhu/.m2/repository/org/hamcrest/hamcrest-core/1.3/hamcrest-core-1.3.jar:/Users/xiaowenhu/.m2/repository/com/google/code/gson/gson/2.9.1/gson-2.9.1.jar:/Users/xiaowenhu/.m2/repository/commons-io/commons-io/2.5/commons-io-2.5.jar:/Users/xiaowenhu/.m2/repository/org/springframework/spring-core/4.3.2.RELEASE/spring-core-4.3.2.RELEASE.jar:/Users/xiaowenhu/.m2/repository/commons-logging/commons-logging/1.2/commons-logging-1.2.jar:/Users/xiaowenhu/.m2/repository/org/springframework/spring-test/4.3.2.RELEASE/spring-test-4.3.2.RELEASE.jar:/Users/xiaowenhu/.m2/repository/org/springframework/spring-beans/4.3.2.RELEASE/spring-beans-4.3.2.RELEASE.jar:/Users/xiaowenhu/.m2/repository/org/springframework/spring-context/4.3.2.RELEASE/spring-context-4.3.2.RELEASE.jar:/Users/xiaowenhu/.m2/repository/org/springframework/spring-aop/4.3.2.RELEASE/spring-aop-4.3.2.RELEASE.jar:/Users/xiaowenhu/.m2/repository/org/springframework/spring-expression/4.3.2.RELEASE/spring-expression-4.3.2.RELEASE.jar:/Users/xiaowenhu/.m2/repository/org/springframework/batch/spring-batch-core/3.0.7.RELEASE/spring-batch-core-3.0.7.RELEASE.jar:/Users/xiaowenhu/.m2/repository/com/ibm/jbatch/com.ibm.jbatch-tck-spi/1.0/com.ibm.jbatch-tck-spi-1.0.jar:/Users/xiaowenhu/.m2/repository/javax/batch/javax.batch-api/1.0/javax.batch-api-1.0.jar:/Users/xiaowenhu/.m2/repository/com/thoughtworks/xstream/xstream/1.4.7/xstream-1.4.7.jar:/Users/xiaowenhu/.m2/repository/xmlpull/xmlpull/1.1.3.1/xmlpull-1.1.3.1.jar:/Users/xiaowenhu/.m2/repository/xpp3/xpp3_min/1.1.4c/xpp3_min-1.1.4c.jar:/Users/xiaowenhu/.m2/repository/org/codehaus/jettison/jettison/1.2/jettison-1.2.jar:/Users/xiaowenhu/.m2/repository/org/springframework/batch/spring-batch-infrastructure/3.0.7.RELEASE/spring-batch-infrastructure-3.0.7.RELEASE.jar:/Users/xiaowenhu/.m2/repository/org/springframework/retry/spring-retry/1.1.0.RELEASE/spring-retry-1.1.0.RELEASE.jar:/Users/xiaowenhu/.m2/repository/org/springframework/spring-tx/4.0.5.RELEASE/spring-tx-4.0.5.RELEASE.jar:/Users/xiaowenhu/.m2/repository/org/seleniumhq/selenium/selenium-java/3.4.0/selenium-java-3.4.0.jar:/Users/xiaowenhu/.m2/repository/org/seleniumhq/selenium/selenium-chrome-driver/3.4.0/selenium-chrome-driver-3.4.0.jar:/Users/xiaowenhu/.m2/repository/org/seleniumhq/selenium/selenium-edge-driver/3.4.0/selenium-edge-driver-3.4.0.jar:/Users/xiaowenhu/.m2/repository/org/seleniumhq/selenium/selenium-firefox-driver/3.4.0/selenium-firefox-driver-3.4.0.jar:/Users/xiaowenhu/.m2/repository/org/seleniumhq/selenium/selenium-ie-driver/3.4.0/selenium-ie-driver-3.4.0.jar:/Users/xiaowenhu/.m2/repository/org/seleniumhq/selenium/selenium-opera-driver/3.4.0/selenium-opera-driver-3.4.0.jar:/Users/xiaowenhu/.m2/repository/org/seleniumhq/selenium/selenium-remote-driver/3.4.0/selenium-remote-driver-3.4.0.jar:/Users/xiaowenhu/.m2/repository/org/seleniumhq/selenium/selenium-safari-driver/3.4.0/selenium-safari-driver-3.4.0.jar:/Users/xiaowenhu/.m2/repository/cglib/cglib-nodep/3.2.4/cglib-nodep-3.2.4.jar:/Users/xiaowenhu/.m2/repository/org/apache/commons/commons-exec/1.3/commons-exec-1.3.jar:/Users/xiaowenhu/.m2/repository/commons-codec/commons-codec/1.10/commons-codec-1.10.jar:/Users/xiaowenhu/.m2/repository/org/w3c/css/sac/1.3/sac-1.3.jar:/Users/xiaowenhu/.m2/repository/net/sourceforge/cssparser/cssparser/0.9.22/cssparser-0.9.22.jar:/Users/xiaowenhu/.m2/repository/com/google/guava/guava/21.0/guava-21.0.jar:/Users/xiaowenhu/.m2/repository/net/sourceforge/htmlunit/htmlunit/2.26/htmlunit-2.26.jar:/Users/xiaowenhu/.m2/repository/net/sourceforge/htmlunit/htmlunit-core-js/2.26/htmlunit-core-js-2.26.jar:/Users/xiaowenhu/.m2/repository/net/sourceforge/htmlunit/neko-htmlunit/2.25/neko-htmlunit-2.25.jar:/Users/xiaowenhu/.m2/repository/org/apache/httpcomponents/httpclient/4.5.3/httpclient-4.5.3.jar:/Users/xiaowenhu/.m2/repository/org/apache/httpcomponents/httpcore/4.4.6/httpcore-4.4.6.jar:/Users/xiaowenhu/.m2/repository/org/apache/httpcomponents/httpmime/4.5.3/httpmime-4.5.3.jar:/Users/xiaowenhu/.m2/repository/org/eclipse/jetty/jetty-io/9.4.1.v20170120/jetty-io-9.4.1.v20170120.jar:/Users/xiaowenhu/.m2/repository/org/eclipse/jetty/jetty-util/9.4.1.v20170120/jetty-util-9.4.1.v20170120.jar:/Users/xiaowenhu/.m2/repository/net/java/dev/jna/jna/4.1.0/jna-4.1.0.jar:/Users/xiaowenhu/.m2/repository/net/java/dev/jna/jna-platform/4.1.0/jna-platform-4.1.0.jar:/Users/xiaowenhu/.m2/repository/javax/servlet/javax.servlet-api/3.1.0/javax.servlet-api-3.1.0.jar:/Users/xiaowenhu/.m2/repository/org/eclipse/jetty/websocket/websocket-api/9.4.3.v20170317/websocket-api-9.4.3.v20170317.jar:/Users/xiaowenhu/.m2/repository/org/eclipse/jetty/websocket/websocket-client/9.4.3.v20170317/websocket-client-9.4.3.v20170317.jar:/Users/xiaowenhu/.m2/repository/org/eclipse/jetty/jetty-client/9.4.3.v20170317/jetty-client-9.4.3.v20170317.jar:/Users/xiaowenhu/.m2/repository/org/eclipse/jetty/jetty-http/9.4.3.v20170317/jetty-http-9.4.3.v20170317.jar:/Users/xiaowenhu/.m2/repository/org/eclipse/jetty/websocket/websocket-common/9.4.3.v20170317/websocket-common-9.4.3.v20170317.jar:/Users/xiaowenhu/.m2/repository/xalan/serializer/2.7.2/serializer-2.7.2.jar:/Users/xiaowenhu/.m2/repository/xalan/xalan/2.7.2/xalan-2.7.2.jar:/Users/xiaowenhu/.m2/repository/xerces/xercesImpl/2.11.0/xercesImpl-2.11.0.jar:/Users/xiaowenhu/.m2/repository/xml-apis/xml-apis/1.4.01/xml-apis-1.4.01.jar:/Users/xiaowenhu/.m2/repository/org/seleniumhq/selenium/htmlunit-driver/2.24/htmlunit-driver-2.24.jar:/Users/xiaowenhu/.m2/repository/org/seleniumhq/selenium/selenium-api/3.4.0/selenium-api-3.4.0.jar:/Users/xiaowenhu/.m2/repository/org/seleniumhq/selenium/selenium-support/3.4.0/selenium-support-3.4.0.jar:/Users/xiaowenhu/.m2/repository/org/hamcrest/hamcrest-all/1.3/hamcrest-all-1.3.jar:/Users/xiaowenhu/.m2/repository/com/codeborne/phantomjsdriver/1.2.1/phantomjsdriver-1.2.1.jar:/Users/xiaowenhu/.m2/repository/javax/mail/javax.mail-api/1.5.6/javax.mail-api-1.5.6.jar:/Users/xiaowenhu/.m2/repository/com/sun/mail/javax.mail/1.5.6/javax.mail-1.5.6.jar:/Users/xiaowenhu/.m2/repository/javax/activation/activation/1.1/activation-1.1.jar:/Users/xiaowenhu/.m2/repository/org/slf4j/slf4j-api/1.7.24/slf4j-api-1.7.24.jar:/Users/xiaowenhu/.m2/repository/org/slf4j/slf4j-log4j12/1.7.24/slf4j-log4j12-1.7.24.jar:/Users/xiaowenhu/.m2/repository/log4j/log4j/1.2.17/log4j-1.2.17.jar:/Users/xiaowenhu/.m2/repository/org/apache/logging/log4j/log4j-core/2.17.0/log4j-core-2.17.0.jar:/Users/xiaowenhu/.m2/repository/org/apache/logging/log4j/log4j-api/2.17.0/log4j-api-2.17.0.jar:/Users/xiaowenhu/.m2/repository/org/apache/logging/log4j/log4j-1.2-api/2.17.0/log4j-1.2-api-2.17.0.jar:/Users/xiaowenhu/.m2/repository/org/mongodb/mongo-java-driver/3.0.0/mongo-java-driver-3.0.0.jar:/Users/xiaowenhu/.m2/repository/org/apache/tika/tika-parsers/1.13/tika-parsers-1.13.jar:/Users/xiaowenhu/.m2/repository/org/apache/tika/tika-core/1.13/tika-core-1.13.jar:/Users/xiaowenhu/.m2/repository/org/gagravarr/vorbis-java-tika/0.8/vorbis-java-tika-0.8.jar:/Users/xiaowenhu/.m2/repository/com/healthmarketscience/jackcess/jackcess/2.1.3/jackcess-2.1.3.jar:/Users/xiaowenhu/.m2/repository/commons-lang/commons-lang/2.6/commons-lang-2.6.jar:/Users/xiaowenhu/.m2/repository/com/healthmarketscience/jackcess/jackcess-encrypt/2.1.1/jackcess-encrypt-2.1.1.jar:/Users/xiaowenhu/.m2/repository/net/sourceforge/jmatio/jmatio/1.0/jmatio-1.0.jar:/Users/xiaowenhu/.m2/repository/org/apache/james/apache-mime4j-core/0.7.2/apache-mime4j-core-0.7.2.jar:/Users/xiaowenhu/.m2/repository/org/apache/james/apache-mime4j-dom/0.7.2/apache-mime4j-dom-0.7.2.jar:/Users/xiaowenhu/.m2/repository/org/apache/commons/commons-compress/1.11/commons-compress-1.11.jar:/Users/xiaowenhu/.m2/repository/org/tukaani/xz/1.5/xz-1.5.jar:/Users/xiaowenhu/.m2/repository/org/apache/pdfbox/pdfbox-tools/2.0.1/pdfbox-tools-2.0.1.jar:/Users/xiaowenhu/.m2/repository/org/apache/pdfbox/pdfbox-debugger/2.0.1/pdfbox-debugger-2.0.1.jar:/Users/xiaowenhu/.m2/repository/org/apache/pdfbox/jempbox/1.8.12/jempbox-1.8.12.jar:/Users/xiaowenhu/.m2/repository/org/bouncycastle/bcmail-jdk15on/1.54/bcmail-jdk15on-1.54.jar:/Users/xiaowenhu/.m2/repository/org/bouncycastle/bcpkix-jdk15on/1.54/bcpkix-jdk15on-1.54.jar:/Users/xiaowenhu/.m2/repository/org/bouncycastle/bcprov-jdk15on/1.54/bcprov-jdk15on-1.54.jar:/Users/xiaowenhu/.m2/repository/org/apache/poi/poi/3.15-beta1/poi-3.15-beta1.jar:/Users/xiaowenhu/.m2/repository/org/apache/poi/poi-scratchpad/3.15-beta1/poi-scratchpad-3.15-beta1.jar:/Users/xiaowenhu/.m2/repository/org/apache/poi/poi-ooxml/3.15-beta1/poi-ooxml-3.15-beta1.jar:/Users/xiaowenhu/.m2/repository/org/apache/poi/poi-ooxml-schemas/3.15-beta1/poi-ooxml-schemas-3.15-beta1.jar:/Users/xiaowenhu/.m2/repository/org/apache/xmlbeans/xmlbeans/2.6.0/xmlbeans-2.6.0.jar:/Users/xiaowenhu/.m2/repository/com/github/virtuald/curvesapi/1.03/curvesapi-1.03.jar:/Users/xiaowenhu/.m2/repository/org/ccil/cowan/tagsoup/tagsoup/1.2.1/tagsoup-1.2.1.jar:/Users/xiaowenhu/.m2/repository/org/ow2/asm/asm/5.0.4/asm-5.0.4.jar:/Users/xiaowenhu/.m2/repository/com/googlecode/mp4parser/isoparser/1.1.18/isoparser-1.1.18.jar:/Users/xiaowenhu/.m2/repository/com/drewnoakes/metadata-extractor/2.8.1/metadata-extractor-2.8.1.jar:/Users/xiaowenhu/.m2/repository/com/adobe/xmp/xmpcore/5.1.2/xmpcore-5.1.2.jar:/Users/xiaowenhu/.m2/repository/de/l3s/boilerpipe/boilerpipe/1.1.0/boilerpipe-1.1.0.jar:/Users/xiaowenhu/.m2/repository/com/rometools/rome/1.5.1/rome-1.5.1.jar:/Users/xiaowenhu/.m2/repository/com/rometools/rome-utils/1.5.1/rome-utils-1.5.1.jar:/Users/xiaowenhu/.m2/repository/org/gagravarr/vorbis-java-core/0.8/vorbis-java-core-0.8.jar:/Users/xiaowenhu/.m2/repository/com/googlecode/juniversalchardet/juniversalchardet/1.0.3/juniversalchardet-1.0.3.jar:/Users/xiaowenhu/.m2/repository/org/codelibs/jhighlight/1.0.2/jhighlight-1.0.2.jar:/Users/xiaowenhu/.m2/repository/com/pff/java-libpst/0.8.1/java-libpst-0.8.1.jar:/Users/xiaowenhu/.m2/repository/com/github/junrar/junrar/0.7/junrar-0.7.jar:/Users/xiaowenhu/.m2/repository/commons-logging/commons-logging-api/1.1/commons-logging-api-1.1.jar:/Users/xiaowenhu/.m2/repository/org/apache/commons/commons-vfs2/2.0/commons-vfs2-2.0.jar:/Users/xiaowenhu/.m2/repository/org/apache/maven/scm/maven-scm-api/1.4/maven-scm-api-1.4.jar:/Users/xiaowenhu/.m2/repository/org/apache/maven/scm/maven-scm-provider-svnexe/1.4/maven-scm-provider-svnexe-1.4.jar:/Users/xiaowenhu/.m2/repository/org/apache/maven/scm/maven-scm-provider-svn-commons/1.4/maven-scm-provider-svn-commons-1.4.jar:/Users/xiaowenhu/.m2/repository/regexp/regexp/1.3/regexp-1.3.jar:/Users/xiaowenhu/.m2/repository/org/apache/cxf/cxf-rt-rs-client/3.0.3/cxf-rt-rs-client-3.0.3.jar:/Users/xiaowenhu/.m2/repository/org/apache/cxf/cxf-rt-transports-http/3.0.3/cxf-rt-transports-http-3.0.3.jar:/Users/xiaowenhu/.m2/repository/org/apache/cxf/cxf-core/3.0.3/cxf-core-3.0.3.jar:/Users/xiaowenhu/.m2/repository/org/codehaus/woodstox/woodstox-core-asl/4.4.1/woodstox-core-asl-4.4.1.jar:/Users/xiaowenhu/.m2/repository/org/codehaus/woodstox/stax2-api/3.1.4/stax2-api-3.1.4.jar:/Users/xiaowenhu/.m2/repository/org/apache/ws/xmlschema/xmlschema-core/2.1.0/xmlschema-core-2.1.0.jar:/Users/xiaowenhu/.m2/repository/org/apache/cxf/cxf-rt-frontend-jaxrs/3.0.3/cxf-rt-frontend-jaxrs-3.0.3.jar:/Users/xiaowenhu/.m2/repository/javax/ws/rs/javax.ws.rs-api/2.0.1/javax.ws.rs-api-2.0.1.jar:/Users/xiaowenhu/.m2/repository/javax/annotation/javax.annotation-api/1.2/javax.annotation-api-1.2.jar:/Users/xiaowenhu/.m2/repository/org/apache/opennlp/opennlp-tools/1.5.3/opennlp-tools-1.5.3.jar:/Users/xiaowenhu/.m2/repository/org/apache/opennlp/opennlp-maxent/3.0.3/opennlp-maxent-3.0.3.jar:/Users/xiaowenhu/.m2/repository/net/sf/jwordnet/jwnl/1.3.3/jwnl-1.3.3.jar:/Users/xiaowenhu/.m2/repository/com/googlecode/json-simple/json-simple/1.1.1/json-simple-1.1.1.jar:/Users/xiaowenhu/.m2/repository/edu/ucar/netcdf4/4.5.5/netcdf4-4.5.5.jar:/Users/xiaowenhu/.m2/repository/net/jcip/jcip-annotations/1.0/jcip-annotations-1.0.jar:/Users/xiaowenhu/.m2/repository/edu/ucar/grib/4.5.5/grib-4.5.5.jar:/Users/xiaowenhu/.m2/repository/com/google/protobuf/protobuf-java/2.5.0/protobuf-java-2.5.0.jar:/Users/xiaowenhu/.m2/repository/org/jdom/jdom2/2.0.4/jdom2-2.0.4.jar:/Users/xiaowenhu/.m2/repository/edu/ucar/jj2000/5.2/jj2000-5.2.jar:/Users/xiaowenhu/.m2/repository/org/itadaki/bzip2/0.9.1/bzip2-0.9.1.jar:/Users/xiaowenhu/.m2/repository/edu/ucar/cdm/4.5.5/cdm-4.5.5.jar:/Users/xiaowenhu/.m2/repository/edu/ucar/udunits/4.5.5/udunits-4.5.5.jar:/Users/xiaowenhu/.m2/repository/joda-time/joda-time/2.2/joda-time-2.2.jar:/Users/xiaowenhu/.m2/repository/org/quartz-scheduler/quartz/2.2.0/quartz-2.2.0.jar:/Users/xiaowenhu/.m2/repository/c3p0/c3p0/0.9.1.1/c3p0-0.9.1.1.jar:/Users/xiaowenhu/.m2/repository/net/sf/ehcache/ehcache-core/2.6.2/ehcache-core-2.6.2.jar:/Users/xiaowenhu/.m2/repository/com/beust/jcommander/1.35/jcommander-1.35.jar:/Users/xiaowenhu/.m2/repository/edu/ucar/httpservices/4.5.5/httpservices-4.5.5.jar:/Users/xiaowenhu/.m2/repository/org/apache/commons/commons-csv/1.0/commons-csv-1.0.jar:/Users/xiaowenhu/.m2/repository/org/apache/sis/core/sis-utility/0.6/sis-utility-0.6.jar:/Users/xiaowenhu/.m2/repository/org/apache/sis/storage/sis-netcdf/0.6/sis-netcdf-0.6.jar:/Users/xiaowenhu/.m2/repository/org/apache/sis/storage/sis-storage/0.6/sis-storage-0.6.jar:/Users/xiaowenhu/.m2/repository/org/apache/sis/core/sis-referencing/0.6/sis-referencing-0.6.jar:/Users/xiaowenhu/.m2/repository/org/apache/sis/core/sis-metadata/0.6/sis-metadata-0.6.jar:/Users/xiaowenhu/.m2/repository/org/opengis/geoapi/3.0.0/geoapi-3.0.0.jar:/Users/xiaowenhu/.m2/repository/javax/measure/jsr-275/0.9.3/jsr-275-0.9.3.jar:/Users/xiaowenhu/.m2/repository/com/fasterxml/jackson/core/jackson-core/2.7.1/jackson-core-2.7.1.jar:/Users/xiaowenhu/.m2/repository/org/json/json/20160810/json-20160810.jar:/Users/xiaowenhu/.m2/repository/org/apache/pdfbox/pdfbox/2.0.4/pdfbox-2.0.4.jar:/Users/xiaowenhu/.m2/repository/org/apache/pdfbox/fontbox/2.0.4/fontbox-2.0.4.jar:/Users/xiaowenhu/.m2/repository/io/rest-assured/rest-assured/5.1.1/rest-assured-5.1.1.jar:/Users/xiaowenhu/.m2/repository/org/apache/groovy/groovy/4.0.1/groovy-4.0.1.jar:/Users/xiaowenhu/.m2/repository/org/apache/groovy/groovy-xml/4.0.1/groovy-xml-4.0.1.jar:/Users/xiaowenhu/.m2/repository/org/hamcrest/hamcrest/2.1/hamcrest-2.1.jar:/Users/xiaowenhu/.m2/repository/io/rest-assured/json-path/5.1.1/json-path-5.1.1.jar:/Users/xiaowenhu/.m2/repository/org/apache/groovy/groovy-json/4.0.1/groovy-json-4.0.1.jar:/Users/xiaowenhu/.m2/repository/io/rest-assured/rest-assured-common/5.1.1/rest-assured-common-5.1.1.jar:/Users/xiaowenhu/.m2/repository/io/rest-assured/xml-path/5.1.1/xml-path-5.1.1.jar:/Users/xiaowenhu/.m2/repository/io/github/bonigarcia/webdrivermanager/5.3.2/webdrivermanager-5.3.2.jar:/Users/xiaowenhu/.m2/repository/com/github/docker-java/docker-java/3.2.14/docker-java-3.2.14.jar:/Users/xiaowenhu/.m2/repository/com/github/docker-java/docker-java-core/3.2.14/docker-java-core-3.2.14.jar:/Users/xiaowenhu/.m2/repository/com/github/docker-java/docker-java-api/3.2.14/docker-java-api-3.2.14.jar:/Users/xiaowenhu/.m2/repository/com/fasterxml/jackson/core/jackson-annotations/2.10.3/jackson-annotations-2.10.3.jar:/Users/xiaowenhu/.m2/repository/com/fasterxml/jackson/core/jackson-databind/2.10.3/jackson-databind-2.10.3.jar:/Users/xiaowenhu/.m2/repository/org/slf4j/jcl-over-slf4j/1.7.30/jcl-over-slf4j-1.7.30.jar:/Users/xiaowenhu/.m2/repository/com/github/docker-java/docker-java-transport-httpclient5/3.2.14/docker-java-transport-httpclient5-3.2.14.jar:/Users/xiaowenhu/.m2/repository/com/github/docker-java/docker-java-transport/3.2.14/docker-java-transport-3.2.14.jar:/Users/xiaowenhu/.m2/repository/org/brotli/dec/0.1.2/dec-0.1.2.jar:/Users/xiaowenhu/.m2/repository/org/apache/httpcomponents/client5/httpclient5/5.2.1/httpclient5-5.2.1.jar:/Users/xiaowenhu/.m2/repository/org/apache/httpcomponents/core5/httpcore5/5.2/httpcore5-5.2.jar:/Users/xiaowenhu/.m2/repository/org/apache/httpcomponents/core5/httpcore5-h2/5.2/httpcore5-h2-5.2.jar:/Users/xiaowenhu/.m2/repository/com/vimalselvam/cucumber-extentsreport/3.0.2/cucumber-extentsreport-3.0.2.jar:/Users/xiaowenhu/.m2/repository/com/aventstack/extentreports/3.1.1/extentreports-3.1.1.jar:/Users/xiaowenhu/.m2/repository/org/freemarker/freemarker/2.3.23/freemarker-2.3.23.jar:/Users/xiaowenhu/.m2/repository/org/mongodb/mongodb-driver/3.3.0/mongodb-driver-3.3.0.jar:/Users/xiaowenhu/.m2/repository/org/mongodb/bson/3.3.0/bson-3.3.0.jar:/Users/xiaowenhu/.m2/repository/org/mongodb/mongodb-driver-core/3.3.0/mongodb-driver-core-3.3.0.jar:/Users/xiaowenhu/.m2/repository/org/jsoup/jsoup/1.9.2/jsoup-1.9.2.jar:"/>
    <property name="sun.cpu.endian" value="little"/>
    <property name="user.home" value="/Users/xiaowenhu"/>
    <property name="user.language" value="en"/>
    <property name="java.specification.vendor" value="Oracle Corporation"/>
    <property name="java.version.date" value="2023-10-17"/>
    <property name="java.home" value="/opt/homebrew/Cellar/openjdk/21.0.1/libexec/openjdk.jdk/Contents/Home"/>
    <property name="file.separator" value="/"/>
    <property name="basedir" value="/Users/xiaowenhu/Documents/GitHub/CWA-eOffer/behaviorTest"/>
    <property name="java.vm.compressedOopsMode" value="Zero based"/>
    <property name="line.separator" value="&#10;"/>
    <property name="java.vm.specification.vendor" value="Oracle Corporation"/>
    <property name="java.specification.name" value="Java Platform API Specification"/>
    <property name="apple.awt.application.name" value="ForkedBooter"/>
    <property name="surefire.real.class.path" value="/Users/xiaowenhu/Documents/GitHub/CWA-eOffer/behaviorTest/target/surefire/surefirebooter4055946572745979843.jar"/>
    <property name="sun.management.compiler" value="HotSpot 64-Bit Tiered Compilers"/>
    <property name="ftp.nonProxyHosts" value="local|*.local|169.254/16|*.169.254/16"/>
    <property name="java.runtime.version" value="21.0.1"/>
    <property name="user.name" value="xiaowenhu"/>
    <property name="stdout.encoding" value="UTF-8"/>
    <property name="path.separator" value=":"/>
    <property name="os.version" value="14.0"/>
    <property name="java.runtime.name" value="OpenJDK Runtime Environment"/>
    <property name="file.encoding" value="UTF-8"/>
    <property name="java.vm.name" value="OpenJDK 64-Bit Server VM"/>
    <property name="java.vendor.version" value="Homebrew"/>
    <property name="localRepository" value="/Users/xiaowenhu/.m2/repository"/>
    <property name="java.vendor.url.bug" value="https://github.com/Homebrew/homebrew-core/issues"/>
    <property name="java.io.tmpdir" value="/var/folders/s6/3pbj7vr1187c858dgz3rjk5h0000gn/T/"/>
    <property name="java.version" value="21.0.1"/>
    <property name="user.dir" value="/Users/xiaowenhu/Documents/GitHub/CWA-eOffer/behaviorTest"/>
    <property name="os.arch" value="aarch64"/>
    <property name="java.vm.specification.name" value="Java Virtual Machine Specification"/>
    <property name="native.encoding" value="UTF-8"/>
    <property name="java.library.path" value="/Users/xiaowenhu/Library/Java/Extensions:/Library/Java/Extensions:/Network/Library/Java/Extensions:/System/Library/Java/Extensions:/usr/lib/java:."/>
    <property name="java.vm.info" value="mixed mode, sharing"/>
    <property name="stderr.encoding" value="UTF-8"/>
    <property name="java.vendor" value="Homebrew"/>
    <property name="java.vm.version" value="21.0.1"/>
    <property name="sun.io.unicode.encoding" value="UnicodeBig"/>
    <property name="socksNonProxyHosts" value="local|*.local|169.254/16|*.169.254/16"/>
    <property name="java.class.version" value="65.0"/>
  </properties>
  <testcase name="" classname="Scenario: Add Negotiator successful" time="57.129">
    <error message="session not created: This version of ChromeDriver only supports Chrome version 116&#10;Current browser version is 119.0.6045.123 with binary path /Applications/Google Chrome.app/Contents/MacOS/Google Chrome&#10;Build info: version: &apos;3.4.0&apos;, revision: &apos;unknown&apos;, time: &apos;unknown&apos;&#10;System info: host: &apos;OCTO-F0QKD57XX6.octo.us&apos;, ip: &apos;fe80:0:0:0:4ab:912d:925d:a705%en0&apos;, os.name: &apos;Mac OS X&apos;, os.arch: &apos;aarch64&apos;, os.version: &apos;14.0&apos;, java.version: &apos;21.0.1&apos;&#10;Driver info: driver.version: ChromeDriver&#10;remote stacktrace: 0   chromedriver                        0x0000000102ff4638 chromedriver + 5002808&#10;1   chromedriver                        0x0000000102feba53 chromedriver + 4966995&#10;2   chromedriver                        0x0000000102b9ca57 chromedriver + 449111&#10;3   chromedriver                        0x0000000102bd142c chromedriver + 664620&#10;4   chromedriver                        0x0000000102bcc58f chromedriver + 644495&#10;5   chromedriver                        0x0000000102bc9189 chromedriver + 631177&#10;6   chromedriver                        0x0000000102c12cf4 chromedriver + 933108&#10;7   chromedriver                        0x0000000102c1203f chromedriver + 929855&#10;8   chromedriver                        0x0000000102c091c3 chromedriver + 893379&#10;9   chromedriver                        0x0000000102bd4df9 chromedriver + 679417&#10;10  chromedriver                        0x0000000102bd5fde chromedriver + 683998&#10;11  chromedriver                        0x0000000102fb12d9 chromedriver + 4727513&#10;12  chromedriver                        0x0000000102fb62de chromedriver + 4747998&#10;13  chromedriver                        0x0000000102f742c9 chromedriver + 4477641&#10;14  chromedriver                        0x0000000102fb702d chromedriver + 4751405&#10;15  chromedriver                        0x0000000102f8a0ec chromedriver + 4567276&#10;16  chromedriver                        0x0000000102fd47f8 chromedriver + 4872184&#10;17  chromedriver                        0x0000000102fd49b7 chromedriver + 4872631&#10;18  chromedriver                        0x0000000102fe4a1f chromedriver + 4938271&#10;19  libsystem_pthread.dylib             0x00007ff816381202 _pthread_start + 99&#10;20  libsystem_pthread.dylib             0x00007ff81637cbab thread_start + 15&#10;" type="org.openqa.selenium.SessionNotCreatedException"><![CDATA[org.openqa.selenium.SessionNotCreatedException: 
session not created: This version of ChromeDriver only supports Chrome version 116
Current browser version is 119.0.6045.123 with binary path /Applications/Google Chrome.app/Contents/MacOS/Google Chrome
Build info: version: '3.4.0', revision: 'unknown', time: 'unknown'
System info: host: 'OCTO-F0QKD57XX6.octo.us', ip: 'fe80:0:0:0:4ab:912d:925d:a705%en0', os.name: 'Mac OS X', os.arch: 'aarch64', os.version: '14.0', java.version: '21.0.1'
Driver info: driver.version: ChromeDriver
remote stacktrace: 0   chromedriver                        0x0000000102ff4638 chromedriver + 5002808
1   chromedriver                        0x0000000102feba53 chromedriver + 4966995
2   chromedriver                        0x0000000102b9ca57 chromedriver + 449111
3   chromedriver                        0x0000000102bd142c chromedriver + 664620
4   chromedriver                        0x0000000102bcc58f chromedriver + 644495
5   chromedriver                        0x0000000102bc9189 chromedriver + 631177
6   chromedriver                        0x0000000102c12cf4 chromedriver + 933108
7   chromedriver                        0x0000000102c1203f chromedriver + 929855
8   chromedriver                        0x0000000102c091c3 chromedriver + 893379
9   chromedriver                        0x0000000102bd4df9 chromedriver + 679417
10  chromedriver                        0x0000000102bd5fde chromedriver + 683998
11  chromedriver                        0x0000000102fb12d9 chromedriver + 4727513
12  chromedriver                        0x0000000102fb62de chromedriver + 4747998
13  chromedriver                        0x0000000102f742c9 chromedriver + 4477641
14  chromedriver                        0x0000000102fb702d chromedriver + 4751405
15  chromedriver                        0x0000000102f8a0ec chromedriver + 4567276
16  chromedriver                        0x0000000102fd47f8 chromedriver + 4872184
17  chromedriver                        0x0000000102fd49b7 chromedriver + 4872631
18  chromedriver                        0x0000000102fe4a1f chromedriver + 4938271
19  libsystem_pthread.dylib             0x00007ff816381202 _pthread_start + 99
20  libsystem_pthread.dylib             0x00007ff81637cbab thread_start + 15

]]></error>
    <system-out><![CDATA[2023-11-12 23:31:08 INFO  ClassPathXmlApplicationContext:581 - Refreshing org.springframework.context.support.ClassPathXmlApplicationContext@33d512c1: startup date [Sun Nov 12 23:31:08 EST 2023]; root of context hierarchy
2023-11-12 23:31:08 INFO  XmlBeanDefinitionReader:317 - Loading XML bean definitions from class path resource [cucumber.xml]
2023-11-12 23:31:09 INFO  PropertySourcesPlaceholderConfigurer:172 - Loading properties file from class path resource [driver.properties]
2023-11-12 23:31:09 INFO  WebDriverFactory:44 - Initiating driver factory - 1
2023-11-12 23:31:10 INFO  MergedDataInjectedCucumber:63 - file: [Ljava.lang.String;@7f2d31af 1 allFiles: 1
2023-11-12 23:31:10 INFO  MergedDataInjectedCucumber:141 - featureName: negotiator
2023-11-12 23:31:10 INFO  MergedDataInjectedCucumber:141 - featureName: pathwayToSuccess
Feature: Add Negotiator to Offer
  
  As a vendor
  I want to add a negotiator to the offer
  So that I can work the offer
2023-11-12 23:31:10 INFO  CommonSteps:143 - Starting to set up scenraio
2023-11-12 23:31:10 INFO  WebDriverFactory:163 - ****os Name: mac os x
2023-11-12 23:31:10 INFO  WebDriverFactory:173 - Initiating driver in getDriver()
2023-11-12 23:31:10 INFO  WebDriverFactory:672 - driverType: shared
2023-11-12 23:31:10 INFO  WebDriverFactory:686 - browserType: chrome
2023-11-12 23:31:10 INFO  WebDriverFactory:345 - Setting the chrome driver path to src/test/resources/Driver/chromedriver
]]></system-out>
    <system-err><![CDATA[Starting ChromeDriver 116.0.5845.96 (1a391816688002153ef791ffe60d9e899a71a037-refs/branch-heads/5845@{#1382}) on port 31059
Only local connections are allowed.
Please see https://chromedriver.chromium.org/security-considerations for suggestions on keeping ChromeDriver safe.
ChromeDriver was started successfully.
]]></system-err>
  </testcase>
  <testcase name="Given I am on the Add Negotiator Page" classname="Scenario: Add Negotiator successful" time="0">
    <skipped/>
    <system-out><![CDATA[&amp#27;[31mFailure in before hook:&amp#27;[0m&amp#27;[31mCommonSteps.setup(Scenario)&amp#27;[0m
&amp#27;[31mMessage: &amp#27;[0m&amp#27;[31morg.openqa.selenium.SessionNotCreatedException: session not created: This version of ChromeDriver only supports Chrome version 116
Current browser version is 119.0.6045.123 with binary path /Applications/Google Chrome.app/Contents/MacOS/Google Chrome
Build info: version: '3.4.0', revision: 'unknown', time: 'unknown'
System info: host: 'OCTO-F0QKD57XX6.octo.us', ip: 'fe80:0:0:0:4ab:912d:925d:a705%en0', os.name: 'Mac OS X', os.arch: 'aarch64', os.version: '14.0', java.version: '21.0.1'
Driver info: driver.version: ChromeDriver
remote stacktrace: 0   chromedriver                        0x0000000102ff4638 chromedriver + 5002808
1   chromedriver                        0x0000000102feba53 chromedriver + 4966995
2   chromedriver                        0x0000000102b9ca57 chromedriver + 449111
3   chromedriver                        0x0000000102bd142c chromedriver + 664620
4   chromedriver                        0x0000000102bcc58f chromedriver + 644495
5   chromedriver                        0x0000000102bc9189 chromedriver + 631177
6   chromedriver                        0x0000000102c12cf4 chromedriver + 933108
7   chromedriver                        0x0000000102c1203f chromedriver + 929855
8   chromedriver                        0x0000000102c091c3 chromedriver + 893379
9   chromedriver                        0x0000000102bd4df9 chromedriver + 679417
10  chromedriver                        0x0000000102bd5fde chromedriver + 683998
11  chromedriver                        0x0000000102fb12d9 chromedriver + 4727513
12  chromedriver                        0x0000000102fb62de chromedriver + 4747998
13  chromedriver                        0x0000000102f742c9 chromedriver + 4477641
14  chromedriver                        0x0000000102fb702d chromedriver + 4751405
15  chromedriver                        0x0000000102f8a0ec chromedriver + 4567276
16  chromedriver                        0x0000000102fd47f8 chromedriver + 4872184
17  chromedriver                        0x0000000102fd49b7 chromedriver + 4872631
18  chromedriver                        0x0000000102fe4a1f chromedriver + 4938271
19  libsystem_pthread.dylib             0x00007ff816381202 _pthread_start + 99
20  libsystem_pthread.dylib             0x00007ff81637cbab thread_start + 15

	at java.base/jdk.internal.reflect.DirectConstructorHandleAccessor.newInstance(DirectConstructorHandleAccessor.java:62)
	at java.base/java.lang.reflect.Constructor.newInstanceWithCaller(Constructor.java:502)
	at java.base/java.lang.reflect.Constructor.newInstance(Constructor.java:486)
	at org.openqa.selenium.remote.W3CHandshakeResponse.lambda$new$0(W3CHandshakeResponse.java:57)
	at org.openqa.selenium.remote.W3CHandshakeResponse.lambda$getResponseFunction$2(W3CHandshakeResponse.java:104)
	at org.openqa.selenium.remote.ProtocolHandshake.lambda$createSession$22(ProtocolHandshake.java:365)
	at java.base/java.util.stream.ReferencePipeline$3$1.accept(ReferencePipeline.java:197)
	at java.base/java.util.Spliterators$ArraySpliterator.tryAdvance(Spliterators.java:1034)
	at java.base/java.util.stream.ReferencePipeline.forEachWithCancel(ReferencePipeline.java:129)
	at java.base/java.util.stream.AbstractPipeline.copyIntoWithCancel(AbstractPipeline.java:527)
	at java.base/java.util.stream.AbstractPipeline.copyInto(AbstractPipeline.java:513)
	at java.base/java.util.stream.AbstractPipeline.wrapAndCopyInto(AbstractPipeline.java:499)
	at java.base/java.util.stream.FindOps$FindOp.evaluateSequential(FindOps.java:150)
	at java.base/java.util.stream.AbstractPipeline.evaluate(AbstractPipeline.java:234)
	at java.base/java.util.stream.ReferencePipeline.findFirst(ReferencePipeline.java:647)
	at org.openqa.selenium.remote.ProtocolHandshake.createSession(ProtocolHandshake.java:368)
	at org.openqa.selenium.remote.ProtocolHandshake.createSession(ProtocolHandshake.java:159)
	at org.openqa.selenium.remote.HttpCommandExecutor.execute(HttpCommandExecutor.java:142)
	at org.openqa.selenium.remote.service.DriverCommandExecutor.execute(DriverCommandExecutor.java:82)
	at org.openqa.selenium.remote.RemoteWebDriver.execute(RemoteWebDriver.java:637)
	at org.openqa.selenium.remote.RemoteWebDriver.startSession(RemoteWebDriver.java:250)
	at org.openqa.selenium.remote.RemoteWebDriver.startSession(RemoteWebDriver.java:236)
	at org.openqa.selenium.remote.RemoteWebDriver.<init>(RemoteWebDriver.java:137)
	at org.openqa.selenium.chrome.ChromeDriver.<init>(ChromeDriver.java:184)
	at org.openqa.selenium.chrome.ChromeDriver.<init>(ChromeDriver.java:171)
	at org.openqa.selenium.chrome.ChromeDriver.<init>(ChromeDriver.java:158)
	at driver.WebDriverFactory.getChromeDriver(WebDriverFactory.java:397)
	at driver.WebDriverFactory.getWebDriver(WebDriverFactory.java:204)
	at driver.WebDriverFactory.getDriver(WebDriverFactory.java:158)
	at comment.ExecutionContext.setUpScenario(ExecutionContext.java:112)
	at gov.gsa.sst.common.CommonSteps.setup(CommonSteps.java:144)
	at java.base/jdk.internal.reflect.DirectMethodHandleAccessor.invoke(DirectMethodHandleAccessor.java:103)
	at java.base/java.lang.reflect.Method.invoke(Method.java:580)
	at cucumber.runtime.Utils$1.call(Utils.java:37)
	at cucumber.runtime.Timeout.timeout(Timeout.java:13)
	at cucumber.runtime.Utils.invoke(Utils.java:31)
	at cucumber.runtime.java.JavaHookDefinition.execute(JavaHookDefinition.java:60)
	at cucumber.runtime.Runtime.runHookIfTagsMatch(Runtime.java:223)
	at cucumber.runtime.Runtime.runHooks(Runtime.java:211)
	at cucumber.runtime.Runtime.runBeforeHooks(Runtime.java:201)
	at cucumber.runtime.model.CucumberScenario.run(CucumberScenario.java:40)
	at cucumber.runtime.junit.ExecutionUnitRunner.run(ExecutionUnitRunner.java:91)
	at runner.DataInjectedFeatureRunner.runChild(DataInjectedFeatureRunner.java:77)
	at runner.DataInjectedFeatureRunner.runChild(DataInjectedFeatureRunner.java:26)
	at org.junit.runners.ParentRunner$3.run(ParentRunner.java:290)
	at org.junit.runners.ParentRunner$1.schedule(ParentRunner.java:71)
	at org.junit.runners.ParentRunner.runChildren(ParentRunner.java:288)
	at org.junit.runners.ParentRunner.access$000(ParentRunner.java:58)
	at org.junit.runners.ParentRunner$2.evaluate(ParentRunner.java:268)
	at org.junit.runners.ParentRunner.run(ParentRunner.java:363)
	at runner.DataInjectedFeatureRunner.run(DataInjectedFeatureRunner.java:84)
	at cukes.MergedDataInjectedCucumber.runChild(MergedDataInjectedCucumber.java:121)
	at cukes.MergedDataInjectedCucumber.runChild(MergedDataInjectedCucumber.java:32)
	at org.junit.runners.ParentRunner$3.run(ParentRunner.java:290)
	at org.junit.runners.ParentRunner$1.schedule(ParentRunner.java:71)
	at org.junit.runners.ParentRunner.runChildren(ParentRunner.java:288)
	at org.junit.runners.ParentRunner.access$000(ParentRunner.java:58)
	at org.junit.runners.ParentRunner$2.evaluate(ParentRunner.java:268)
	at org.junit.internal.runners.statements.RunAfters.evaluate(RunAfters.java:27)
	at org.junit.runners.ParentRunner.run(ParentRunner.java:363)
	at cukes.MergedDataInjectedCucumber.run(MergedDataInjectedCucumber.java:125)
	at org.apache.maven.surefire.junit4.JUnit4Provider.execute(JUnit4Provider.java:364)
	at org.apache.maven.surefire.junit4.JUnit4Provider.executeWithRerun(JUnit4Provider.java:272)
	at org.apache.maven.surefire.junit4.JUnit4Provider.executeTestSet(JUnit4Provider.java:237)
	at org.apache.maven.surefire.junit4.JUnit4Provider.invoke(JUnit4Provider.java:158)
	at org.apache.maven.surefire.booter.ForkedBooter.runSuitesInProcess(ForkedBooter.java:428)
	at org.apache.maven.surefire.booter.ForkedBooter.execute(ForkedBooter.java:162)
	at org.apache.maven.surefire.booter.ForkedBooter.run(ForkedBooter.java:562)
	at org.apache.maven.surefire.booter.ForkedBooter.main(ForkedBooter.java:548)
&amp#27;[0m
      &amp#27;[31morg.openqa.selenium.SessionNotCreatedException: session not created: This version of ChromeDriver only supports Chrome version 116
      Current browser version is 119.0.6045.123 with binary path /Applications/Google Chrome.app/Contents/MacOS/Google Chrome
      Build info: version: '3.4.0', revision: 'unknown', time: 'unknown'
      System info: host: 'OCTO-F0QKD57XX6.octo.us', ip: 'fe80:0:0:0:4ab:912d:925d:a705%en0', os.name: 'Mac OS X', os.arch: 'aarch64', os.version: '14.0', java.version: '21.0.1'
      Driver info: driver.version: ChromeDriver
      remote stacktrace: 0   chromedriver                        0x0000000102ff4638 chromedriver + 5002808
      1   chromedriver                        0x0000000102feba53 chromedriver + 4966995
      2   chromedriver                        0x0000000102b9ca57 chromedriver + 449111
      3   chromedriver                        0x0000000102bd142c chromedriver + 664620
      4   chromedriver                        0x0000000102bcc58f chromedriver + 644495
      5   chromedriver                        0x0000000102bc9189 chromedriver + 631177
      6   chromedriver                        0x0000000102c12cf4 chromedriver + 933108
      7   chromedriver                        0x0000000102c1203f chromedriver + 929855
      8   chromedriver                        0x0000000102c091c3 chromedriver + 893379
      9   chromedriver                        0x0000000102bd4df9 chromedriver + 679417
      10  chromedriver                        0x0000000102bd5fde chromedriver + 683998
      11  chromedriver                        0x0000000102fb12d9 chromedriver + 4727513
      12  chromedriver                        0x0000000102fb62de chromedriver + 4747998
      13  chromedriver                        0x0000000102f742c9 chromedriver + 4477641
      14  chromedriver                        0x0000000102fb702d chromedriver + 4751405
      15  chromedriver                        0x0000000102f8a0ec chromedriver + 4567276
      16  chromedriver                        0x0000000102fd47f8 chromedriver + 4872184
      17  chromedriver                        0x0000000102fd49b7 chromedriver + 4872631
      18  chromedriver                        0x0000000102fe4a1f chromedriver + 4938271
      19  libsystem_pthread.dylib             0x00007ff816381202 _pthread_start + 99
      20  libsystem_pthread.dylib             0x00007ff81637cbab thread_start + 15
      
      	at java.base/jdk.internal.reflect.DirectConstructorHandleAccessor.newInstance(DirectConstructorHandleAccessor.java:62)
      	at java.base/java.lang.reflect.Constructor.newInstanceWithCaller(Constructor.java:502)
      	at java.base/java.lang.reflect.Constructor.newInstance(Constructor.java:486)
      	at org.openqa.selenium.remote.W3CHandshakeResponse.lambda$new$0(W3CHandshakeResponse.java:57)
      	at org.openqa.selenium.remote.W3CHandshakeResponse.lambda$getResponseFunction$2(W3CHandshakeResponse.java:104)
      	at org.openqa.selenium.remote.ProtocolHandshake.lambda$createSession$22(ProtocolHandshake.java:365)
      	at java.base/java.util.stream.ReferencePipeline$3$1.accept(ReferencePipeline.java:197)
      	at java.base/java.util.Spliterators$ArraySpliterator.tryAdvance(Spliterators.java:1034)
      	at java.base/java.util.stream.ReferencePipeline.forEachWithCancel(ReferencePipeline.java:129)
      	at java.base/java.util.stream.AbstractPipeline.copyIntoWithCancel(AbstractPipeline.java:527)
      	at java.base/java.util.stream.AbstractPipeline.copyInto(AbstractPipeline.java:513)
      	at java.base/java.util.stream.AbstractPipeline.wrapAndCopyInto(AbstractPipeline.java:499)
      	at java.base/java.util.stream.FindOps$FindOp.evaluateSequential(FindOps.java:150)
      	at java.base/java.util.stream.AbstractPipeline.evaluate(AbstractPipeline.java:234)
      	at java.base/java.util.stream.ReferencePipeline.findFirst(ReferencePipeline.java:647)
      	at org.openqa.selenium.remote.ProtocolHandshake.createSession(ProtocolHandshake.java:368)
      	at org.openqa.selenium.remote.ProtocolHandshake.createSession(ProtocolHandshake.java:159)
      	at org.openqa.selenium.remote.HttpCommandExecutor.execute(HttpCommandExecutor.java:142)
      	at org.openqa.selenium.remote.service.DriverCommandExecutor.execute(DriverCommandExecutor.java:82)
      	at org.openqa.selenium.remote.RemoteWebDriver.execute(RemoteWebDriver.java:637)
      	at org.openqa.selenium.remote.RemoteWebDriver.startSession(RemoteWebDriver.java:250)
      	at org.openqa.selenium.remote.RemoteWebDriver.startSession(RemoteWebDriver.java:236)
      	at org.openqa.selenium.remote.RemoteWebDriver.<init>(RemoteWebDriver.java:137)
      	at org.openqa.selenium.chrome.ChromeDriver.<init>(ChromeDriver.java:184)
      	at org.openqa.selenium.chrome.ChromeDriver.<init>(ChromeDriver.java:171)
      	at org.openqa.selenium.chrome.ChromeDriver.<init>(ChromeDriver.java:158)
      	at driver.WebDriverFactory.getChromeDriver(WebDriverFactory.java:397)
      	at driver.WebDriverFactory.getWebDriver(WebDriverFactory.java:204)
      	at driver.WebDriverFactory.getDriver(WebDriverFactory.java:158)
      	at comment.ExecutionContext.setUpScenario(ExecutionContext.java:112)
      	at gov.gsa.sst.common.CommonSteps.setup(CommonSteps.java:144)
      	at java.base/jdk.internal.reflect.DirectMethodHandleAccessor.invoke(DirectMethodHandleAccessor.java:103)
      	at java.base/java.lang.reflect.Method.invoke(Method.java:580)
      	at cucumber.runtime.Utils$1.call(Utils.java:37)
      	at cucumber.runtime.Timeout.timeout(Timeout.java:13)
      	at cucumber.runtime.Utils.invoke(Utils.java:31)
      	at cucumber.runtime.java.JavaHookDefinition.execute(JavaHookDefinition.java:60)
      	at cucumber.runtime.Runtime.runHookIfTagsMatch(Runtime.java:223)
      	at cucumber.runtime.Runtime.runHooks(Runtime.java:211)
      	at cucumber.runtime.Runtime.runBeforeHooks(Runtime.java:201)
      	at cucumber.runtime.model.CucumberScenario.run(CucumberScenario.java:40)
      	at cucumber.runtime.junit.ExecutionUnitRunner.run(ExecutionUnitRunner.java:91)
      	at runner.DataInjectedFeatureRunner.runChild(DataInjectedFeatureRunner.java:77)
      	at runner.DataInjectedFeatureRunner.runChild(DataInjectedFeatureRunner.java:26)
      	at org.junit.runners.ParentRunner$3.run(ParentRunner.java:290)
      	at org.junit.runners.ParentRunner$1.schedule(ParentRunner.java:71)
      	at org.junit.runners.ParentRunner.runChildren(ParentRunner.java:288)
      	at org.junit.runners.ParentRunner.access$000(ParentRunner.java:58)
      	at org.junit.runners.ParentRunner$2.evaluate(ParentRunner.java:268)
      	at org.junit.runners.ParentRunner.run(ParentRunner.java:363)
      	at runner.DataInjectedFeatureRunner.run(DataInjectedFeatureRunner.java:84)
      	at cukes.MergedDataInjectedCucumber.runChild(MergedDataInjectedCucumber.java:121)
      	at cukes.MergedDataInjectedCucumber.runChild(MergedDataInjectedCucumber.java:32)
      	at org.junit.runners.ParentRunner$3.run(ParentRunner.java:290)
      	at org.junit.runners.ParentRunner$1.schedule(ParentRunner.java:71)
      	at org.junit.runners.ParentRunner.runChildren(ParentRunner.java:288)
      	at org.junit.runners.ParentRunner.access$000(ParentRunner.java:58)
      	at org.junit.runners.ParentRunner$2.evaluate(ParentRunner.java:268)
      	at org.junit.internal.runners.statements.RunAfters.evaluate(RunAfters.java:27)
      	at org.junit.runners.ParentRunner.run(ParentRunner.java:363)
      	at cukes.MergedDataInjectedCucumber.run(MergedDataInjectedCucumber.java:125)
      	at org.apache.maven.surefire.junit4.JUnit4Provider.execute(JUnit4Provider.java:364)
      	at org.apache.maven.surefire.junit4.JUnit4Provider.executeWithRerun(JUnit4Provider.java:272)
      	at org.apache.maven.surefire.junit4.JUnit4Provider.executeTestSet(JUnit4Provider.java:237)
      	at org.apache.maven.surefire.junit4.JUnit4Provider.invoke(JUnit4Provider.java:158)
      	at org.apache.maven.surefire.booter.ForkedBooter.runSuitesInProcess(ForkedBooter.java:428)
      	at org.apache.maven.surefire.booter.ForkedBooter.execute(ForkedBooter.java:162)
      	at org.apache.maven.surefire.booter.ForkedBooter.run(ForkedBooter.java:562)
      	at org.apache.maven.surefire.booter.ForkedBooter.main(ForkedBooter.java:548)
      &amp#27;[0m
]]></system-out>
  </testcase>
  <testcase name="When I add a Negotiator with all details" classname="Scenario: Add Negotiator successful" time="0">
    <skipped/>
  </testcase>
  <testcase name="Then the Negotiator is added and displayed with correct role in the Negotiator List" classname="Scenario: Add Negotiator successful" time="0">
    <skipped/>
  </testcase>
  <testcase name="" classname="Scenario: Pathway to Success section one is selected" time="5.067">
    <error message="session not created: This version of ChromeDriver only supports Chrome version 116&#10;Current browser version is 119.0.6045.123 with binary path /Applications/Google Chrome.app/Contents/MacOS/Google Chrome&#10;Build info: version: &apos;3.4.0&apos;, revision: &apos;unknown&apos;, time: &apos;unknown&apos;&#10;System info: host: &apos;OCTO-F0QKD57XX6.octo.us&apos;, ip: &apos;fe80:0:0:0:4ab:912d:925d:a705%en0&apos;, os.name: &apos;Mac OS X&apos;, os.arch: &apos;aarch64&apos;, os.version: &apos;14.0&apos;, java.version: &apos;21.0.1&apos;&#10;Driver info: driver.version: ChromeDriver&#10;remote stacktrace: 0   chromedriver                        0x00000001028c7638 chromedriver + 5002808&#10;1   chromedriver                        0x00000001028bea53 chromedriver + 4966995&#10;2   chromedriver                        0x000000010246fa57 chromedriver + 449111&#10;3   chromedriver                        0x00000001024a442c chromedriver + 664620&#10;4   chromedriver                        0x000000010249f58f chromedriver + 644495&#10;5   chromedriver                        0x000000010249c189 chromedriver + 631177&#10;6   chromedriver                        0x00000001024e5cf4 chromedriver + 933108&#10;7   chromedriver                        0x00000001024e503f chromedriver + 929855&#10;8   chromedriver                        0x00000001024dc1c3 chromedriver + 893379&#10;9   chromedriver                        0x00000001024a7df9 chromedriver + 679417&#10;10  chromedriver                        0x00000001024a8fde chromedriver + 683998&#10;11  chromedriver                        0x00000001028842d9 chromedriver + 4727513&#10;12  chromedriver                        0x00000001028892de chromedriver + 4747998&#10;13  chromedriver                        0x00000001028472c9 chromedriver + 4477641&#10;14  chromedriver                        0x000000010288a02d chromedriver + 4751405&#10;15  chromedriver                        0x000000010285d0ec chromedriver + 4567276&#10;16  chromedriver                        0x00000001028a77f8 chromedriver + 4872184&#10;17  chromedriver                        0x00000001028a79b7 chromedriver + 4872631&#10;18  chromedriver                        0x00000001028b7a1f chromedriver + 4938271&#10;19  libsystem_pthread.dylib             0x00007ff816381202 _pthread_start + 99&#10;20  libsystem_pthread.dylib             0x00007ff81637cbab thread_start + 15&#10;" type="org.openqa.selenium.SessionNotCreatedException"><![CDATA[org.openqa.selenium.SessionNotCreatedException: 
session not created: This version of ChromeDriver only supports Chrome version 116
Current browser version is 119.0.6045.123 with binary path /Applications/Google Chrome.app/Contents/MacOS/Google Chrome
Build info: version: '3.4.0', revision: 'unknown', time: 'unknown'
System info: host: 'OCTO-F0QKD57XX6.octo.us', ip: 'fe80:0:0:0:4ab:912d:925d:a705%en0', os.name: 'Mac OS X', os.arch: 'aarch64', os.version: '14.0', java.version: '21.0.1'
Driver info: driver.version: ChromeDriver
remote stacktrace: 0   chromedriver                        0x00000001028c7638 chromedriver + 5002808
1   chromedriver                        0x00000001028bea53 chromedriver + 4966995
2   chromedriver                        0x000000010246fa57 chromedriver + 449111
3   chromedriver                        0x00000001024a442c chromedriver + 664620
4   chromedriver                        0x000000010249f58f chromedriver + 644495
5   chromedriver                        0x000000010249c189 chromedriver + 631177
6   chromedriver                        0x00000001024e5cf4 chromedriver + 933108
7   chromedriver                        0x00000001024e503f chromedriver + 929855
8   chromedriver                        0x00000001024dc1c3 chromedriver + 893379
9   chromedriver                        0x00000001024a7df9 chromedriver + 679417
10  chromedriver                        0x00000001024a8fde chromedriver + 683998
11  chromedriver                        0x00000001028842d9 chromedriver + 4727513
12  chromedriver                        0x00000001028892de chromedriver + 4747998
13  chromedriver                        0x00000001028472c9 chromedriver + 4477641
14  chromedriver                        0x000000010288a02d chromedriver + 4751405
15  chromedriver                        0x000000010285d0ec chromedriver + 4567276
16  chromedriver                        0x00000001028a77f8 chromedriver + 4872184
17  chromedriver                        0x00000001028a79b7 chromedriver + 4872631
18  chromedriver                        0x00000001028b7a1f chromedriver + 4938271
19  libsystem_pthread.dylib             0x00007ff816381202 _pthread_start + 99
20  libsystem_pthread.dylib             0x00007ff81637cbab thread_start + 15

]]></error>
    <system-out><![CDATA[2023-11-12 23:32:07 INFO  CommonSteps:180 - Flush report after each scenarios!

  @all_env @smokeTest @int
  Scenario: Add Negotiator successful                                                   &amp#27;[90m# negotiator.feature:8&amp#27;[0m
    &amp#27;[36mGiven &amp#27;[0m&amp#27;[36mI am on the Add Negotiator Page&amp#27;[0m                                               &amp#27;[90m# Negotiator.i_am_on_the_add_negotiator_page()&amp#27;[0m
    &amp#27;[36mWhen &amp#27;[0m&amp#27;[36mI add a Negotiator with all details&amp#27;[0m                                            &amp#27;[90m# Negotiator.i_add_a_negotiator_with_all_details()&amp#27;[0m
    #  All required fields in valid format
    &amp#27;[36mThen &amp#27;[0m&amp#27;[36mthe Negotiator is added and displayed with correct role in the Negotiator List&amp#27;[0m &amp#27;[90m# Negotiator.the_negotiator_is_added_and_displayed_with_correct_role_in_the_Negotiator_List()&amp#27;[0m
Feature: Verify Pathway to Success
  
  As a vendor
  I want to verify my Pathway to Sucess is selected
2023-11-12 23:32:07 INFO  CommonSteps:143 - Starting to set up scenraio
2023-11-12 23:32:07 INFO  WebDriverFactory:163 - ****os Name: mac os x
2023-11-12 23:32:07 INFO  WebDriverFactory:173 - Initiating driver in getDriver()
2023-11-12 23:32:07 INFO  WebDriverFactory:672 - driverType: shared
2023-11-12 23:32:07 INFO  WebDriverFactory:686 - browserType: chrome
2023-11-12 23:32:07 INFO  WebDriverFactory:345 - Setting the chrome driver path to src/test/resources/Driver/chromedriver
]]></system-out>
    <system-err><![CDATA[java.lang.NullPointerException: Cannot invoke "org.openqa.selenium.TakesScreenshot.getScreenshotAs(org.openqa.selenium.OutputType)" because "scrShot" is null
	at gov.gsa.sst.common.CommonSteps.takeSnapShot(CommonSteps.java:199)
	at gov.gsa.sst.common.CommonSteps.tearDownScenario(CommonSteps.java:182)
	at java.base/jdk.internal.reflect.DirectMethodHandleAccessor.invoke(DirectMethodHandleAccessor.java:103)
	at java.base/java.lang.reflect.Method.invoke(Method.java:580)
	at cucumber.runtime.Utils$1.call(Utils.java:37)
	at cucumber.runtime.Timeout.timeout(Timeout.java:13)
	at cucumber.runtime.Utils.invoke(Utils.java:31)
	at cucumber.runtime.java.JavaHookDefinition.execute(JavaHookDefinition.java:60)
	at cucumber.runtime.Runtime.runHookIfTagsMatch(Runtime.java:223)
	at cucumber.runtime.Runtime.runHooks(Runtime.java:211)
	at cucumber.runtime.Runtime.runAfterHooks(Runtime.java:205)
	at cucumber.runtime.model.CucumberScenario.run(CucumberScenario.java:46)
	at cucumber.runtime.junit.ExecutionUnitRunner.run(ExecutionUnitRunner.java:91)
	at runner.DataInjectedFeatureRunner.runChild(DataInjectedFeatureRunner.java:77)
	at runner.DataInjectedFeatureRunner.runChild(DataInjectedFeatureRunner.java:26)
	at org.junit.runners.ParentRunner$3.run(ParentRunner.java:290)
	at org.junit.runners.ParentRunner$1.schedule(ParentRunner.java:71)
	at org.junit.runners.ParentRunner.runChildren(ParentRunner.java:288)
	at org.junit.runners.ParentRunner.access$000(ParentRunner.java:58)
	at org.junit.runners.ParentRunner$2.evaluate(ParentRunner.java:268)
	at org.junit.runners.ParentRunner.run(ParentRunner.java:363)
	at runner.DataInjectedFeatureRunner.run(DataInjectedFeatureRunner.java:84)
	at cukes.MergedDataInjectedCucumber.runChild(MergedDataInjectedCucumber.java:121)
	at cukes.MergedDataInjectedCucumber.runChild(MergedDataInjectedCucumber.java:32)
	at org.junit.runners.ParentRunner$3.run(ParentRunner.java:290)
	at org.junit.runners.ParentRunner$1.schedule(ParentRunner.java:71)
	at org.junit.runners.ParentRunner.runChildren(ParentRunner.java:288)
	at org.junit.runners.ParentRunner.access$000(ParentRunner.java:58)
	at org.junit.runners.ParentRunner$2.evaluate(ParentRunner.java:268)
	at org.junit.internal.runners.statements.RunAfters.evaluate(RunAfters.java:27)
	at org.junit.runners.ParentRunner.run(ParentRunner.java:363)
	at cukes.MergedDataInjectedCucumber.run(MergedDataInjectedCucumber.java:125)
	at org.apache.maven.surefire.junit4.JUnit4Provider.execute(JUnit4Provider.java:364)
	at org.apache.maven.surefire.junit4.JUnit4Provider.executeWithRerun(JUnit4Provider.java:272)
	at org.apache.maven.surefire.junit4.JUnit4Provider.executeTestSet(JUnit4Provider.java:237)
	at org.apache.maven.surefire.junit4.JUnit4Provider.invoke(JUnit4Provider.java:158)
	at org.apache.maven.surefire.booter.ForkedBooter.runSuitesInProcess(ForkedBooter.java:428)
	at org.apache.maven.surefire.booter.ForkedBooter.execute(ForkedBooter.java:162)
	at org.apache.maven.surefire.booter.ForkedBooter.run(ForkedBooter.java:562)
	at org.apache.maven.surefire.booter.ForkedBooter.main(ForkedBooter.java:548)
Starting ChromeDriver 116.0.5845.96 (1a391816688002153ef791ffe60d9e899a71a037-refs/branch-heads/5845@{#1382}) on port 41764
Only local connections are allowed.
Please see https://chromedriver.chromium.org/security-considerations for suggestions on keeping ChromeDriver safe.
ChromeDriver was started successfully.
]]></system-err>
  </testcase>
  <testcase name="Given I am on the Pathway to Success Page" classname="Scenario: Pathway to Success section one is selected" time="0">
    <skipped/>
    <system-out><![CDATA[&amp#27;[31mFailure in before hook:&amp#27;[0m&amp#27;[31mCommonSteps.setup(Scenario)&amp#27;[0m
&amp#27;[31mMessage: &amp#27;[0m&amp#27;[31morg.openqa.selenium.SessionNotCreatedException: session not created: This version of ChromeDriver only supports Chrome version 116
Current browser version is 119.0.6045.123 with binary path /Applications/Google Chrome.app/Contents/MacOS/Google Chrome
Build info: version: '3.4.0', revision: 'unknown', time: 'unknown'
System info: host: 'OCTO-F0QKD57XX6.octo.us', ip: 'fe80:0:0:0:4ab:912d:925d:a705%en0', os.name: 'Mac OS X', os.arch: 'aarch64', os.version: '14.0', java.version: '21.0.1'
Driver info: driver.version: ChromeDriver
remote stacktrace: 0   chromedriver                        0x00000001028c7638 chromedriver + 5002808
1   chromedriver                        0x00000001028bea53 chromedriver + 4966995
2   chromedriver                        0x000000010246fa57 chromedriver + 449111
3   chromedriver                        0x00000001024a442c chromedriver + 664620
4   chromedriver                        0x000000010249f58f chromedriver + 644495
5   chromedriver                        0x000000010249c189 chromedriver + 631177
6   chromedriver                        0x00000001024e5cf4 chromedriver + 933108
7   chromedriver                        0x00000001024e503f chromedriver + 929855
8   chromedriver                        0x00000001024dc1c3 chromedriver + 893379
9   chromedriver                        0x00000001024a7df9 chromedriver + 679417
10  chromedriver                        0x00000001024a8fde chromedriver + 683998
11  chromedriver                        0x00000001028842d9 chromedriver + 4727513
12  chromedriver                        0x00000001028892de chromedriver + 4747998
13  chromedriver                        0x00000001028472c9 chromedriver + 4477641
14  chromedriver                        0x000000010288a02d chromedriver + 4751405
15  chromedriver                        0x000000010285d0ec chromedriver + 4567276
16  chromedriver                        0x00000001028a77f8 chromedriver + 4872184
17  chromedriver                        0x00000001028a79b7 chromedriver + 4872631
18  chromedriver                        0x00000001028b7a1f chromedriver + 4938271
19  libsystem_pthread.dylib             0x00007ff816381202 _pthread_start + 99
20  libsystem_pthread.dylib             0x00007ff81637cbab thread_start + 15

	at java.base/jdk.internal.reflect.DirectConstructorHandleAccessor.newInstance(DirectConstructorHandleAccessor.java:62)
	at java.base/java.lang.reflect.Constructor.newInstanceWithCaller(Constructor.java:502)
	at java.base/java.lang.reflect.Constructor.newInstance(Constructor.java:486)
	at org.openqa.selenium.remote.W3CHandshakeResponse.lambda$new$0(W3CHandshakeResponse.java:57)
	at org.openqa.selenium.remote.W3CHandshakeResponse.lambda$getResponseFunction$2(W3CHandshakeResponse.java:104)
	at org.openqa.selenium.remote.ProtocolHandshake.lambda$createSession$22(ProtocolHandshake.java:365)
	at java.base/java.util.stream.ReferencePipeline$3$1.accept(ReferencePipeline.java:197)
	at java.base/java.util.Spliterators$ArraySpliterator.tryAdvance(Spliterators.java:1034)
	at java.base/java.util.stream.ReferencePipeline.forEachWithCancel(ReferencePipeline.java:129)
	at java.base/java.util.stream.AbstractPipeline.copyIntoWithCancel(AbstractPipeline.java:527)
	at java.base/java.util.stream.AbstractPipeline.copyInto(AbstractPipeline.java:513)
	at java.base/java.util.stream.AbstractPipeline.wrapAndCopyInto(AbstractPipeline.java:499)
	at java.base/java.util.stream.FindOps$FindOp.evaluateSequential(FindOps.java:150)
	at java.base/java.util.stream.AbstractPipeline.evaluate(AbstractPipeline.java:234)
	at java.base/java.util.stream.ReferencePipeline.findFirst(ReferencePipeline.java:647)
	at org.openqa.selenium.remote.ProtocolHandshake.createSession(ProtocolHandshake.java:368)
	at org.openqa.selenium.remote.ProtocolHandshake.createSession(ProtocolHandshake.java:159)
	at org.openqa.selenium.remote.HttpCommandExecutor.execute(HttpCommandExecutor.java:142)
	at org.openqa.selenium.remote.service.DriverCommandExecutor.execute(DriverCommandExecutor.java:82)
	at org.openqa.selenium.remote.RemoteWebDriver.execute(RemoteWebDriver.java:637)
	at org.openqa.selenium.remote.RemoteWebDriver.startSession(RemoteWebDriver.java:250)
	at org.openqa.selenium.remote.RemoteWebDriver.startSession(RemoteWebDriver.java:236)
	at org.openqa.selenium.remote.RemoteWebDriver.<init>(RemoteWebDriver.java:137)
	at org.openqa.selenium.chrome.ChromeDriver.<init>(ChromeDriver.java:184)
	at org.openqa.selenium.chrome.ChromeDriver.<init>(ChromeDriver.java:171)
	at org.openqa.selenium.chrome.ChromeDriver.<init>(ChromeDriver.java:158)
	at driver.WebDriverFactory.getChromeDriver(WebDriverFactory.java:397)
	at driver.WebDriverFactory.getWebDriver(WebDriverFactory.java:204)
	at driver.WebDriverFactory.getDriver(WebDriverFactory.java:158)
	at comment.ExecutionContext.setUpScenario(ExecutionContext.java:112)
	at gov.gsa.sst.common.CommonSteps.setup(CommonSteps.java:144)
	at java.base/jdk.internal.reflect.DirectMethodHandleAccessor.invoke(DirectMethodHandleAccessor.java:103)
	at java.base/java.lang.reflect.Method.invoke(Method.java:580)
	at cucumber.runtime.Utils$1.call(Utils.java:37)
	at cucumber.runtime.Timeout.timeout(Timeout.java:13)
	at cucumber.runtime.Utils.invoke(Utils.java:31)
	at cucumber.runtime.java.JavaHookDefinition.execute(JavaHookDefinition.java:60)
	at cucumber.runtime.Runtime.runHookIfTagsMatch(Runtime.java:223)
	at cucumber.runtime.Runtime.runHooks(Runtime.java:211)
	at cucumber.runtime.Runtime.runBeforeHooks(Runtime.java:201)
	at cucumber.runtime.model.CucumberScenario.run(CucumberScenario.java:40)
	at cucumber.runtime.junit.ExecutionUnitRunner.run(ExecutionUnitRunner.java:91)
	at runner.DataInjectedFeatureRunner.runChild(DataInjectedFeatureRunner.java:77)
	at runner.DataInjectedFeatureRunner.runChild(DataInjectedFeatureRunner.java:26)
	at org.junit.runners.ParentRunner$3.run(ParentRunner.java:290)
	at org.junit.runners.ParentRunner$1.schedule(ParentRunner.java:71)
	at org.junit.runners.ParentRunner.runChildren(ParentRunner.java:288)
	at org.junit.runners.ParentRunner.access$000(ParentRunner.java:58)
	at org.junit.runners.ParentRunner$2.evaluate(ParentRunner.java:268)
	at org.junit.runners.ParentRunner.run(ParentRunner.java:363)
	at runner.DataInjectedFeatureRunner.run(DataInjectedFeatureRunner.java:84)
	at cukes.MergedDataInjectedCucumber.runChild(MergedDataInjectedCucumber.java:121)
	at cukes.MergedDataInjectedCucumber.runChild(MergedDataInjectedCucumber.java:32)
	at org.junit.runners.ParentRunner$3.run(ParentRunner.java:290)
	at org.junit.runners.ParentRunner$1.schedule(ParentRunner.java:71)
	at org.junit.runners.ParentRunner.runChildren(ParentRunner.java:288)
	at org.junit.runners.ParentRunner.access$000(ParentRunner.java:58)
	at org.junit.runners.ParentRunner$2.evaluate(ParentRunner.java:268)
	at org.junit.internal.runners.statements.RunAfters.evaluate(RunAfters.java:27)
	at org.junit.runners.ParentRunner.run(ParentRunner.java:363)
	at cukes.MergedDataInjectedCucumber.run(MergedDataInjectedCucumber.java:125)
	at org.apache.maven.surefire.junit4.JUnit4Provider.execute(JUnit4Provider.java:364)
	at org.apache.maven.surefire.junit4.JUnit4Provider.executeWithRerun(JUnit4Provider.java:272)
	at org.apache.maven.surefire.junit4.JUnit4Provider.executeTestSet(JUnit4Provider.java:237)
	at org.apache.maven.surefire.junit4.JUnit4Provider.invoke(JUnit4Provider.java:158)
	at org.apache.maven.surefire.booter.ForkedBooter.runSuitesInProcess(ForkedBooter.java:428)
	at org.apache.maven.surefire.booter.ForkedBooter.execute(ForkedBooter.java:162)
	at org.apache.maven.surefire.booter.ForkedBooter.run(ForkedBooter.java:562)
	at org.apache.maven.surefire.booter.ForkedBooter.main(ForkedBooter.java:548)
&amp#27;[0m
      &amp#27;[31morg.openqa.selenium.SessionNotCreatedException: session not created: This version of ChromeDriver only supports Chrome version 116
      Current browser version is 119.0.6045.123 with binary path /Applications/Google Chrome.app/Contents/MacOS/Google Chrome
      Build info: version: '3.4.0', revision: 'unknown', time: 'unknown'
      System info: host: 'OCTO-F0QKD57XX6.octo.us', ip: 'fe80:0:0:0:4ab:912d:925d:a705%en0', os.name: 'Mac OS X', os.arch: 'aarch64', os.version: '14.0', java.version: '21.0.1'
      Driver info: driver.version: ChromeDriver
      remote stacktrace: 0   chromedriver                        0x00000001028c7638 chromedriver + 5002808
      1   chromedriver                        0x00000001028bea53 chromedriver + 4966995
      2   chromedriver                        0x000000010246fa57 chromedriver + 449111
      3   chromedriver                        0x00000001024a442c chromedriver + 664620
      4   chromedriver                        0x000000010249f58f chromedriver + 644495
      5   chromedriver                        0x000000010249c189 chromedriver + 631177
      6   chromedriver                        0x00000001024e5cf4 chromedriver + 933108
      7   chromedriver                        0x00000001024e503f chromedriver + 929855
      8   chromedriver                        0x00000001024dc1c3 chromedriver + 893379
      9   chromedriver                        0x00000001024a7df9 chromedriver + 679417
      10  chromedriver                        0x00000001024a8fde chromedriver + 683998
      11  chromedriver                        0x00000001028842d9 chromedriver + 4727513
      12  chromedriver                        0x00000001028892de chromedriver + 4747998
      13  chromedriver                        0x00000001028472c9 chromedriver + 4477641
      14  chromedriver                        0x000000010288a02d chromedriver + 4751405
      15  chromedriver                        0x000000010285d0ec chromedriver + 4567276
      16  chromedriver                        0x00000001028a77f8 chromedriver + 4872184
      17  chromedriver                        0x00000001028a79b7 chromedriver + 4872631
      18  chromedriver                        0x00000001028b7a1f chromedriver + 4938271
      19  libsystem_pthread.dylib             0x00007ff816381202 _pthread_start + 99
      20  libsystem_pthread.dylib             0x00007ff81637cbab thread_start + 15
      
      	at java.base/jdk.internal.reflect.DirectConstructorHandleAccessor.newInstance(DirectConstructorHandleAccessor.java:62)
      	at java.base/java.lang.reflect.Constructor.newInstanceWithCaller(Constructor.java:502)
      	at java.base/java.lang.reflect.Constructor.newInstance(Constructor.java:486)
      	at org.openqa.selenium.remote.W3CHandshakeResponse.lambda$new$0(W3CHandshakeResponse.java:57)
      	at org.openqa.selenium.remote.W3CHandshakeResponse.lambda$getResponseFunction$2(W3CHandshakeResponse.java:104)
      	at org.openqa.selenium.remote.ProtocolHandshake.lambda$createSession$22(ProtocolHandshake.java:365)
      	at java.base/java.util.stream.ReferencePipeline$3$1.accept(ReferencePipeline.java:197)
      	at java.base/java.util.Spliterators$ArraySpliterator.tryAdvance(Spliterators.java:1034)
      	at java.base/java.util.stream.ReferencePipeline.forEachWithCancel(ReferencePipeline.java:129)
      	at java.base/java.util.stream.AbstractPipeline.copyIntoWithCancel(AbstractPipeline.java:527)
      	at java.base/java.util.stream.AbstractPipeline.copyInto(AbstractPipeline.java:513)
      	at java.base/java.util.stream.AbstractPipeline.wrapAndCopyInto(AbstractPipeline.java:499)
      	at java.base/java.util.stream.FindOps$FindOp.evaluateSequential(FindOps.java:150)
      	at java.base/java.util.stream.AbstractPipeline.evaluate(AbstractPipeline.java:234)
      	at java.base/java.util.stream.ReferencePipeline.findFirst(ReferencePipeline.java:647)
      	at org.openqa.selenium.remote.ProtocolHandshake.createSession(ProtocolHandshake.java:368)
      	at org.openqa.selenium.remote.ProtocolHandshake.createSession(ProtocolHandshake.java:159)
      	at org.openqa.selenium.remote.HttpCommandExecutor.execute(HttpCommandExecutor.java:142)
      	at org.openqa.selenium.remote.service.DriverCommandExecutor.execute(DriverCommandExecutor.java:82)
      	at org.openqa.selenium.remote.RemoteWebDriver.execute(RemoteWebDriver.java:637)
      	at org.openqa.selenium.remote.RemoteWebDriver.startSession(RemoteWebDriver.java:250)
      	at org.openqa.selenium.remote.RemoteWebDriver.startSession(RemoteWebDriver.java:236)
      	at org.openqa.selenium.remote.RemoteWebDriver.<init>(RemoteWebDriver.java:137)
      	at org.openqa.selenium.chrome.ChromeDriver.<init>(ChromeDriver.java:184)
      	at org.openqa.selenium.chrome.ChromeDriver.<init>(ChromeDriver.java:171)
      	at org.openqa.selenium.chrome.ChromeDriver.<init>(ChromeDriver.java:158)
      	at driver.WebDriverFactory.getChromeDriver(WebDriverFactory.java:397)
      	at driver.WebDriverFactory.getWebDriver(WebDriverFactory.java:204)
      	at driver.WebDriverFactory.getDriver(WebDriverFactory.java:158)
      	at comment.ExecutionContext.setUpScenario(ExecutionContext.java:112)
      	at gov.gsa.sst.common.CommonSteps.setup(CommonSteps.java:144)
      	at java.base/jdk.internal.reflect.DirectMethodHandleAccessor.invoke(DirectMethodHandleAccessor.java:103)
      	at java.base/java.lang.reflect.Method.invoke(Method.java:580)
      	at cucumber.runtime.Utils$1.call(Utils.java:37)
      	at cucumber.runtime.Timeout.timeout(Timeout.java:13)
      	at cucumber.runtime.Utils.invoke(Utils.java:31)
      	at cucumber.runtime.java.JavaHookDefinition.execute(JavaHookDefinition.java:60)
      	at cucumber.runtime.Runtime.runHookIfTagsMatch(Runtime.java:223)
      	at cucumber.runtime.Runtime.runHooks(Runtime.java:211)
      	at cucumber.runtime.Runtime.runBeforeHooks(Runtime.java:201)
      	at cucumber.runtime.model.CucumberScenario.run(CucumberScenario.java:40)
      	at cucumber.runtime.junit.ExecutionUnitRunner.run(ExecutionUnitRunner.java:91)
      	at runner.DataInjectedFeatureRunner.runChild(DataInjectedFeatureRunner.java:77)
      	at runner.DataInjectedFeatureRunner.runChild(DataInjectedFeatureRunner.java:26)
      	at org.junit.runners.ParentRunner$3.run(ParentRunner.java:290)
      	at org.junit.runners.ParentRunner$1.schedule(ParentRunner.java:71)
      	at org.junit.runners.ParentRunner.runChildren(ParentRunner.java:288)
      	at org.junit.runners.ParentRunner.access$000(ParentRunner.java:58)
      	at org.junit.runners.ParentRunner$2.evaluate(ParentRunner.java:268)
      	at org.junit.runners.ParentRunner.run(ParentRunner.java:363)
      	at runner.DataInjectedFeatureRunner.run(DataInjectedFeatureRunner.java:84)
      	at cukes.MergedDataInjectedCucumber.runChild(MergedDataInjectedCucumber.java:121)
      	at cukes.MergedDataInjectedCucumber.runChild(MergedDataInjectedCucumber.java:32)
      	at org.junit.runners.ParentRunner$3.run(ParentRunner.java:290)
      	at org.junit.runners.ParentRunner$1.schedule(ParentRunner.java:71)
      	at org.junit.runners.ParentRunner.runChildren(ParentRunner.java:288)
      	at org.junit.runners.ParentRunner.access$000(ParentRunner.java:58)
      	at org.junit.runners.ParentRunner$2.evaluate(ParentRunner.java:268)
      	at org.junit.internal.runners.statements.RunAfters.evaluate(RunAfters.java:27)
      	at org.junit.runners.ParentRunner.run(ParentRunner.java:363)
      	at cukes.MergedDataInjectedCucumber.run(MergedDataInjectedCucumber.java:125)
      	at org.apache.maven.surefire.junit4.JUnit4Provider.execute(JUnit4Provider.java:364)
      	at org.apache.maven.surefire.junit4.JUnit4Provider.executeWithRerun(JUnit4Provider.java:272)
      	at org.apache.maven.surefire.junit4.JUnit4Provider.executeTestSet(JUnit4Provider.java:237)
      	at org.apache.maven.surefire.junit4.JUnit4Provider.invoke(JUnit4Provider.java:158)
      	at org.apache.maven.surefire.booter.ForkedBooter.runSuitesInProcess(ForkedBooter.java:428)
      	at org.apache.maven.surefire.booter.ForkedBooter.execute(ForkedBooter.java:162)
      	at org.apache.maven.surefire.booter.ForkedBooter.run(ForkedBooter.java:562)
      	at org.apache.maven.surefire.booter.ForkedBooter.main(ForkedBooter.java:548)
      &amp#27;[0m
]]></system-out>
  </testcase>
  <testcase name="When Vendor complete section one" classname="Scenario: Pathway to Success section one is selected" time="0">
    <skipped/>
  </testcase>
  <testcase name="And Vendor Save and Continue" classname="Scenario: Pathway to Success section one is selected" time="0">
    <skipped/>
  </testcase>
  <testcase name="Then Pathway to Success menu is complete" classname="Scenario: Pathway to Success section one is selected" time="0">
    <skipped/>
  </testcase>
</testsuite>